
[2017-09-20 15:15:22] request.INFO: Matched route "homepage". {"route":"homepage","route_parameters":{"_controller":"AppBundle\\Controller\\DefaultController::indexAction","_route":"homepage"},"request_uri":"http://joseph.cedarville.edu/gradel_dev/tgsmith/Gradel/symfony_project/web/","method":"GET"} []
[2017-09-20 15:15:22] security.INFO: Populated the TokenStorage with an anonymous Token. [] []
[2017-09-20 15:15:22] php.CRITICAL: Fatal Parse Error: syntax error, unexpected ')', expecting '(' {"exception":"[object] (Symfony\\Component\\Debug\\Exception\\FatalErrorException(code: 0): Parse Error: syntax error, unexpected ')', expecting '(' at /var/www/gradel_dev/tgsmith/Gradel/symfony_project/src/AppBundle/Entity/Problem.php:205)"} []
[2017-09-20 15:15:22] request.CRITICAL: Uncaught PHP Exception Symfony\Component\Debug\Exception\FatalErrorException: "Parse Error: syntax error, unexpected ')', expecting '('" at /var/www/gradel_dev/tgsmith/Gradel/symfony_project/src/AppBundle/Entity/Problem.php line 205 {"exception":"[object] (Symfony\\Component\\Debug\\Exception\\FatalErrorException(code: 0): Parse Error: syntax error, unexpected ')', expecting '(' at /var/www/gradel_dev/tgsmith/Gradel/symfony_project/src/AppBundle/Entity/Problem.php:205)"} []
[2017-09-20 15:15:22] request.INFO: Matched route "homepage". {"route":"homepage","route_parameters":{"_controller":"AppBundle\\Controller\\DefaultController::indexAction","_route":"homepage"},"request_uri":"http://joseph.cedarville.edu/gradel_dev/tgsmith/Gradel/symfony_project/web/","method":"GET"} []
[2017-09-20 15:15:22] security.INFO: Populated the TokenStorage with an anonymous Token. [] []
[2017-09-20 15:15:22] php.CRITICAL: Fatal Parse Error: syntax error, unexpected ')', expecting '(' {"exception":"[object] (Symfony\\Component\\Debug\\Exception\\FatalErrorException(code: 0): Parse Error: syntax error, unexpected ')', expecting '(' at /var/www/gradel_dev/tgsmith/Gradel/symfony_project/src/AppBundle/Entity/Problem.php:205)"} []
[2017-09-20 15:15:22] request.CRITICAL: Uncaught PHP Exception Symfony\Component\Debug\Exception\FatalErrorException: "Parse Error: syntax error, unexpected ')', expecting '('" at /var/www/gradel_dev/tgsmith/Gradel/symfony_project/src/AppBundle/Entity/Problem.php line 205 {"exception":"[object] (Symfony\\Component\\Debug\\Exception\\FatalErrorException(code: 0): Parse Error: syntax error, unexpected ')', expecting '(' at /var/www/gradel_dev/tgsmith/Gradel/symfony_project/src/AppBundle/Entity/Problem.php:205)"} []
[2017-09-20 15:15:22] request.INFO: Matched route "homepage". {"route":"homepage","route_parameters":{"_controller":"AppBundle\\Controller\\DefaultController::indexAction","_route":"homepage"},"request_uri":"http://joseph.cedarville.edu/gradel_dev/tgsmith/Gradel/symfony_project/web/","method":"GET"} []
[2017-09-20 15:15:22] security.INFO: Populated the TokenStorage with an anonymous Token. [] []
[2017-09-20 15:15:22] php.CRITICAL: Fatal Parse Error: syntax error, unexpected ')', expecting '(' {"exception":"[object] (Symfony\\Component\\Debug\\Exception\\FatalErrorException(code: 0): Parse Error: syntax error, unexpected ')', expecting '(' at /var/www/gradel_dev/tgsmith/Gradel/symfony_project/src/AppBundle/Entity/Problem.php:205)"} []
[2017-09-20 15:15:22] request.CRITICAL: Uncaught PHP Exception Symfony\Component\Debug\Exception\FatalErrorException: "Parse Error: syntax error, unexpected ')', expecting '('" at /var/www/gradel_dev/tgsmith/Gradel/symfony_project/src/AppBundle/Entity/Problem.php line 205 {"exception":"[object] (Symfony\\Component\\Debug\\Exception\\FatalErrorException(code: 0): Parse Error: syntax error, unexpected ')', expecting '(' at /var/www/gradel_dev/tgsmith/Gradel/symfony_project/src/AppBundle/Entity/Problem.php:205)"} []
[2017-09-20 15:17:32] request.INFO: Matched route "homepage". {"route":"homepage","route_parameters":{"_controller":"AppBundle\\Controller\\DefaultController::indexAction","_route":"homepage"},"request_uri":"http://joseph.cedarville.edu/gradel_dev/tgsmith/Gradel/symfony_project/web/","method":"GET"} []
[2017-09-20 15:17:32] security.INFO: Populated the TokenStorage with an anonymous Token. [] []
[2017-09-20 15:17:32] php.WARNING: Warning: include(/var/www/gradel_dev/tgsmith/Gradel/symfony_project/src/AppBundle/Entity/Problem.php): failed to open stream: Permission denied {"exception":"[object] (ErrorException(code: 0): Warning: include(/var/www/gradel_dev/tgsmith/Gradel/symfony_project/src/AppBundle/Entity/Problem.php): failed to open stream: Permission denied at /var/www/gradel_dev/tgsmith/Gradel/symfony_project/vendor/composer/ClassLoader.php:444)"} []
[2017-09-20 15:17:32] php.WARNING: Warning: include(): Failed opening '/var/www/gradel_dev/tgsmith/Gradel/symfony_project/src/AppBundle/Entity/Problem.php' for inclusion (include_path='.:/usr/share/php:/usr/share/pear') {"exception":"[object] (ErrorException(code: 0): Warning: include(): Failed opening '/var/www/gradel_dev/tgsmith/Gradel/symfony_project/src/AppBundle/Entity/Problem.php' for inclusion (include_path='.:/usr/share/php:/usr/share/pear') at /var/www/gradel_dev/tgsmith/Gradel/symfony_project/vendor/composer/ClassLoader.php:444)"} []
[2017-09-20 15:17:32] php.WARNING: Warning: include(/var/www/gradel_dev/tgsmith/Gradel/symfony_project/src/AppBundle/Entity/Problem.php): failed to open stream: Permission denied {"exception":"[object] (ErrorException(code: 0): Warning: include(/var/www/gradel_dev/tgsmith/Gradel/symfony_project/src/AppBundle/Entity/Problem.php): failed to open stream: Permission denied at /var/www/gradel_dev/tgsmith/Gradel/symfony_project/vendor/composer/ClassLoader.php:444)"} []
[2017-09-20 15:17:32] php.WARNING: Warning: include(): Failed opening '/var/www/gradel_dev/tgsmith/Gradel/symfony_project/src/AppBundle/Entity/Problem.php' for inclusion (include_path='.:/usr/share/php:/usr/share/pear') {"exception":"[object] (ErrorException(code: 0): Warning: include(): Failed opening '/var/www/gradel_dev/tgsmith/Gradel/symfony_project/src/AppBundle/Entity/Problem.php' for inclusion (include_path='.:/usr/share/php:/usr/share/pear') at /var/www/gradel_dev/tgsmith/Gradel/symfony_project/vendor/composer/ClassLoader.php:444)"} []
[2017-09-20 15:17:32] php.WARNING: Warning: include(/var/www/gradel_dev/tgsmith/Gradel/symfony_project/src/AppBundle/Entity/Problem.php): failed to open stream: Permission denied {"exception":"[object] (ErrorException(code: 0): Warning: include(/var/www/gradel_dev/tgsmith/Gradel/symfony_project/src/AppBundle/Entity/Problem.php): failed to open stream: Permission denied at /var/www/gradel_dev/tgsmith/Gradel/symfony_project/vendor/composer/ClassLoader.php:444)"} []
[2017-09-20 15:17:32] php.WARNING: Warning: include(): Failed opening '/var/www/gradel_dev/tgsmith/Gradel/symfony_project/src/AppBundle/Entity/Problem.php' for inclusion (include_path='.:/usr/share/php:/usr/share/pear') {"exception":"[object] (ErrorException(code: 0): Warning: include(): Failed opening '/var/www/gradel_dev/tgsmith/Gradel/symfony_project/src/AppBundle/Entity/Problem.php' for inclusion (include_path='.:/usr/share/php:/usr/share/pear') at /var/www/gradel_dev/tgsmith/Gradel/symfony_project/vendor/composer/ClassLoader.php:444)"} []
[2017-09-20 15:17:32] request.CRITICAL: Uncaught PHP Exception Twig_Error_Runtime: "An exception has been thrown during the rendering of a template ("The target-entity AppBundle\Entity\Problem cannot be found in 'AppBundle\Entity\Assignment#problems'.")." at /var/www/gradel_dev/tgsmith/Gradel/symfony_project/app/Resources/views/default/index.html.twig line 30 {"exception":"[object] (Twig_Error_Runtime(code: 0): An exception has been thrown during the rendering of a template (\"The target-entity AppBundle\\Entity\\Problem cannot be found in 'AppBundle\\Entity\\Assignment#problems'.\"). at /var/www/gradel_dev/tgsmith/Gradel/symfony_project/app/Resources/views/default/index.html.twig:30, Doctrine\\ORM\\Mapping\\MappingException(code: 0): The target-entity AppBundle\\Entity\\Problem cannot be found in 'AppBundle\\Entity\\Assignment#problems'. at /var/www/gradel_dev/tgsmith/Gradel/symfony_project/vendor/doctrine/orm/lib/Doctrine/ORM/Mapping/MappingException.php:762)"} []
[2017-09-20 15:17:32] request.CRITICAL: Exception thrown when handling an exception (RuntimeException: Unable to create the cache directory (/var/www/gradel_dev/tgsmith/Gradel/symfony_project/var/cache/prod/twig/74). at /var/www/gradel_dev/tgsmith/Gradel/symfony_project/vendor/twig/twig/lib/Twig/Cache/Filesystem.php line 57) {"exception":"[object] (RuntimeException(code: 0): Unable to create the cache directory (/var/www/gradel_dev/tgsmith/Gradel/symfony_project/var/cache/prod/twig/74). at /var/www/gradel_dev/tgsmith/Gradel/symfony_project/vendor/twig/twig/lib/Twig/Cache/Filesystem.php:57)"} []
[2017-09-20 15:17:32] php.CRITICAL: Uncaught Exception: Unable to create the cache directory (/var/www/gradel_dev/tgsmith/Gradel/symfony_project/var/cache/prod/twig/74). {"exception":"[object] (RuntimeException(code: 0): Unable to create the cache directory (/var/www/gradel_dev/tgsmith/Gradel/symfony_project/var/cache/prod/twig/74). at /var/www/gradel_dev/tgsmith/Gradel/symfony_project/vendor/twig/twig/lib/Twig/Cache/Filesystem.php:57, Twig_Error_Runtime(code: 0): An exception has been thrown during the rendering of a template (\"The target-entity AppBundle\\Entity\\Problem cannot be found in 'AppBundle\\Entity\\Assignment#problems'.\"). at /var/www/gradel_dev/tgsmith/Gradel/symfony_project/app/Resources/views/default/index.html.twig:30, Doctrine\\ORM\\Mapping\\MappingException(code: 0): The target-entity AppBundle\\Entity\\Problem cannot be found in 'AppBundle\\Entity\\Assignment#problems'. at /var/www/gradel_dev/tgsmith/Gradel/symfony_project/vendor/doctrine/orm/lib/Doctrine/ORM/Mapping/MappingException.php:762)"} []
[2017-09-20 15:17:32] request.CRITICAL: Uncaught PHP Exception RuntimeException: "Unable to create the cache directory (/var/www/gradel_dev/tgsmith/Gradel/symfony_project/var/cache/prod/twig/74)." at /var/www/gradel_dev/tgsmith/Gradel/symfony_project/vendor/twig/twig/lib/Twig/Cache/Filesystem.php line 57 {"exception":"[object] (RuntimeException(code: 0): Unable to create the cache directory (/var/www/gradel_dev/tgsmith/Gradel/symfony_project/var/cache/prod/twig/74). at /var/www/gradel_dev/tgsmith/Gradel/symfony_project/vendor/twig/twig/lib/Twig/Cache/Filesystem.php:57, Twig_Error_Runtime(code: 0): An exception has been thrown during the rendering of a template (\"The target-entity AppBundle\\Entity\\Problem cannot be found in 'AppBundle\\Entity\\Assignment#problems'.\"). at /var/www/gradel_dev/tgsmith/Gradel/symfony_project/app/Resources/views/default/index.html.twig:30, Doctrine\\ORM\\Mapping\\MappingException(code: 0): The target-entity AppBundle\\Entity\\Problem cannot be found in 'AppBundle\\Entity\\Assignment#problems'. at /var/www/gradel_dev/tgsmith/Gradel/symfony_project/vendor/doctrine/orm/lib/Doctrine/ORM/Mapping/MappingException.php:762)"} []
[2017-09-20 15:17:32] request.CRITICAL: Exception thrown when handling an exception (RuntimeException: Unable to create the cache directory (/var/www/gradel_dev/tgsmith/Gradel/symfony_project/var/cache/prod/twig/74). at /var/www/gradel_dev/tgsmith/Gradel/symfony_project/vendor/twig/twig/lib/Twig/Cache/Filesystem.php line 57) {"exception":"[object] (RuntimeException(code: 0): Unable to create the cache directory (/var/www/gradel_dev/tgsmith/Gradel/symfony_project/var/cache/prod/twig/74). at /var/www/gradel_dev/tgsmith/Gradel/symfony_project/vendor/twig/twig/lib/Twig/Cache/Filesystem.php:57)"} []
[2017-09-20 15:17:32] php.CRITICAL: Uncaught Exception: Unable to create the cache directory (/var/www/gradel_dev/tgsmith/Gradel/symfony_project/var/cache/prod/twig/74). {"exception":"[object] (RuntimeException(code: 0): Unable to create the cache directory (/var/www/gradel_dev/tgsmith/Gradel/symfony_project/var/cache/prod/twig/74). at /var/www/gradel_dev/tgsmith/Gradel/symfony_project/vendor/twig/twig/lib/Twig/Cache/Filesystem.php:57, RuntimeException(code: 0): Unable to create the cache directory (/var/www/gradel_dev/tgsmith/Gradel/symfony_project/var/cache/prod/twig/74). at /var/www/gradel_dev/tgsmith/Gradel/symfony_project/vendor/twig/twig/lib/Twig/Cache/Filesystem.php:57, Twig_Error_Runtime(code: 0): An exception has been thrown during the rendering of a template (\"The target-entity AppBundle\\Entity\\Problem cannot be found in 'AppBundle\\Entity\\Assignment#problems'.\"). at /var/www/gradel_dev/tgsmith/Gradel/symfony_project/app/Resources/views/default/index.html.twig:30, Doctrine\\ORM\\Mapping\\MappingException(code: 0): The target-entity AppBundle\\Entity\\Problem cannot be found in 'AppBundle\\Entity\\Assignment#problems'. at /var/www/gradel_dev/tgsmith/Gradel/symfony_project/vendor/doctrine/orm/lib/Doctrine/ORM/Mapping/MappingException.php:762)"} []
[2017-09-20 15:17:32] php.CRITICAL: Fatal Error: Uncaught exception 'Doctrine\ORM\Mapping\MappingException' with message 'The target-entity AppBundle\Entity\Problem cannot be found in 'AppBundle\Entity\Assignment#problems'.' in /var/www/gradel_dev/tgsmith/Gradel/symfony_project/vendor/doctrine/orm/lib/Doctrine/ORM/Mapping/MappingException.php:762 Stack trace: #0 /var/www/gradel_dev/tgsmith/Gradel/symfony_project/vendor/doctrine/orm/lib/Doctrine/ORM/Mapping/ClassMetadataInfo.php(1028): Doctrine\ORM\Mapping\MappingException::invalidTargetEntityClass('AppBundle\Entit...', 'AppBundle\Entit...', 'problems') #1 /var/www/gradel_dev/tgsmith/Gradel/symfony_project/vendor/doctrine/orm/lib/Doctrine/ORM/Mapping/ClassMetadataFactory.php(272): Doctrine\ORM\Mapping\ClassMetadataInfo->validateAssociations() #2 /var/www/gradel_dev/tgsmith/Gradel/symfony_project/vendor/doctrine/orm/lib/Doctrine/ORM/Mapping/ClassMetadataFactory.php(251): Doctrine\ORM\Mapping\ClassMetadataFactory->validateRuntimeMetadata(Object(Doctrine\ORM\Mapping\ClassMetadata), NULL) #3 /var/www/gradel_dev/ {"exception":"[object] (Symfony\\Component\\Debug\\Exception\\FatalErrorException(code: 0): Error: Uncaught exception 'Doctrine\\ORM\\Mapping\\MappingException' with message 'The target-entity AppBundle\\Entity\\Problem cannot be found in 'AppBundle\\Entity\\Assignment#problems'.' in /var/www/gradel_dev/tgsmith/Gradel/symfony_project/vendor/doctrine/orm/lib/Doctrine/ORM/Mapping/MappingException.php:762\nStack trace:\n#0 /var/www/gradel_dev/tgsmith/Gradel/symfony_project/vendor/doctrine/orm/lib/Doctrine/ORM/Mapping/ClassMetadataInfo.php(1028): Doctrine\\ORM\\Mapping\\MappingException::invalidTargetEntityClass('AppBundle\\Entit...', 'AppBundle\\Entit...', 'problems')\n#1 /var/www/gradel_dev/tgsmith/Gradel/symfony_project/vendor/doctrine/orm/lib/Doctrine/ORM/Mapping/ClassMetadataFactory.php(272): Doctrine\\ORM\\Mapping\\ClassMetadataInfo->validateAssociations()\n#2 /var/www/gradel_dev/tgsmith/Gradel/symfony_project/vendor/doctrine/orm/lib/Doctrine/ORM/Mapping/ClassMetadataFactory.php(251): Doctrine\\ORM\\Mapping\\ClassMetadataFactory->validateRuntimeMetadata(Object(Doctrine\\ORM\\Mapping\\ClassMetadata), NULL)\n#3 /var/www/gradel_dev/ at /var/www/gradel_dev/tgsmith/Gradel/symfony_project/vendor/twig/twig/lib/Twig/Cache/Filesystem.php:57)"} []
[2017-09-20 15:17:34] request.INFO: Matched route "homepage". {"route":"homepage","route_parameters":{"_controller":"AppBundle\\Controller\\DefaultController::indexAction","_route":"homepage"},"request_uri":"http://joseph.cedarville.edu/gradel_dev/tgsmith/Gradel/symfony_project/web/","method":"GET"} []
[2017-09-20 15:17:34] security.INFO: Populated the TokenStorage with an anonymous Token. [] []
[2017-09-20 15:17:34] php.WARNING: Warning: include(/var/www/gradel_dev/tgsmith/Gradel/symfony_project/src/AppBundle/Entity/Problem.php): failed to open stream: Permission denied {"exception":"[object] (ErrorException(code: 0): Warning: include(/var/www/gradel_dev/tgsmith/Gradel/symfony_project/src/AppBundle/Entity/Problem.php): failed to open stream: Permission denied at /var/www/gradel_dev/tgsmith/Gradel/symfony_project/vendor/composer/ClassLoader.php:444)"} []
[2017-09-20 15:17:34] php.WARNING: Warning: include(): Failed opening '/var/www/gradel_dev/tgsmith/Gradel/symfony_project/src/AppBundle/Entity/Problem.php' for inclusion (include_path='.:/usr/share/php:/usr/share/pear') {"exception":"[object] (ErrorException(code: 0): Warning: include(): Failed opening '/var/www/gradel_dev/tgsmith/Gradel/symfony_project/src/AppBundle/Entity/Problem.php' for inclusion (include_path='.:/usr/share/php:/usr/share/pear') at /var/www/gradel_dev/tgsmith/Gradel/symfony_project/vendor/composer/ClassLoader.php:444)"} []
[2017-09-20 15:17:34] php.WARNING: Warning: include(/var/www/gradel_dev/tgsmith/Gradel/symfony_project/src/AppBundle/Entity/Problem.php): failed to open stream: Permission denied {"exception":"[object] (ErrorException(code: 0): Warning: include(/var/www/gradel_dev/tgsmith/Gradel/symfony_project/src/AppBundle/Entity/Problem.php): failed to open stream: Permission denied at /var/www/gradel_dev/tgsmith/Gradel/symfony_project/vendor/composer/ClassLoader.php:444)"} []
[2017-09-20 15:17:34] php.WARNING: Warning: include(): Failed opening '/var/www/gradel_dev/tgsmith/Gradel/symfony_project/src/AppBundle/Entity/Problem.php' for inclusion (include_path='.:/usr/share/php:/usr/share/pear') {"exception":"[object] (ErrorException(code: 0): Warning: include(): Failed opening '/var/www/gradel_dev/tgsmith/Gradel/symfony_project/src/AppBundle/Entity/Problem.php' for inclusion (include_path='.:/usr/share/php:/usr/share/pear') at /var/www/gradel_dev/tgsmith/Gradel/symfony_project/vendor/composer/ClassLoader.php:444)"} []
[2017-09-20 15:17:34] php.WARNING: Warning: include(/var/www/gradel_dev/tgsmith/Gradel/symfony_project/src/AppBundle/Entity/Problem.php): failed to open stream: Permission denied {"exception":"[object] (ErrorException(code: 0): Warning: include(/var/www/gradel_dev/tgsmith/Gradel/symfony_project/src/AppBundle/Entity/Problem.php): failed to open stream: Permission denied at /var/www/gradel_dev/tgsmith/Gradel/symfony_project/vendor/composer/ClassLoader.php:444)"} []
[2017-09-20 15:17:34] php.WARNING: Warning: include(): Failed opening '/var/www/gradel_dev/tgsmith/Gradel/symfony_project/src/AppBundle/Entity/Problem.php' for inclusion (include_path='.:/usr/share/php:/usr/share/pear') {"exception":"[object] (ErrorException(code: 0): Warning: include(): Failed opening '/var/www/gradel_dev/tgsmith/Gradel/symfony_project/src/AppBundle/Entity/Problem.php' for inclusion (include_path='.:/usr/share/php:/usr/share/pear') at /var/www/gradel_dev/tgsmith/Gradel/symfony_project/vendor/composer/ClassLoader.php:444)"} []
[2017-09-20 15:17:34] request.CRITICAL: Uncaught PHP Exception Twig_Error_Runtime: "An exception has been thrown during the rendering of a template ("The target-entity AppBundle\Entity\Problem cannot be found in 'AppBundle\Entity\Assignment#problems'.")." at /var/www/gradel_dev/tgsmith/Gradel/symfony_project/app/Resources/views/default/index.html.twig line 30 {"exception":"[object] (Twig_Error_Runtime(code: 0): An exception has been thrown during the rendering of a template (\"The target-entity AppBundle\\Entity\\Problem cannot be found in 'AppBundle\\Entity\\Assignment#problems'.\"). at /var/www/gradel_dev/tgsmith/Gradel/symfony_project/app/Resources/views/default/index.html.twig:30, Doctrine\\ORM\\Mapping\\MappingException(code: 0): The target-entity AppBundle\\Entity\\Problem cannot be found in 'AppBundle\\Entity\\Assignment#problems'. at /var/www/gradel_dev/tgsmith/Gradel/symfony_project/vendor/doctrine/orm/lib/Doctrine/ORM/Mapping/MappingException.php:762)"} []
[2017-09-20 15:17:34] request.CRITICAL: Exception thrown when handling an exception (RuntimeException: Unable to create the cache directory (/var/www/gradel_dev/tgsmith/Gradel/symfony_project/var/cache/prod/twig/74). at /var/www/gradel_dev/tgsmith/Gradel/symfony_project/vendor/twig/twig/lib/Twig/Cache/Filesystem.php line 57) {"exception":"[object] (RuntimeException(code: 0): Unable to create the cache directory (/var/www/gradel_dev/tgsmith/Gradel/symfony_project/var/cache/prod/twig/74). at /var/www/gradel_dev/tgsmith/Gradel/symfony_project/vendor/twig/twig/lib/Twig/Cache/Filesystem.php:57)"} []
[2017-09-20 15:17:34] php.CRITICAL: Uncaught Exception: Unable to create the cache directory (/var/www/gradel_dev/tgsmith/Gradel/symfony_project/var/cache/prod/twig/74). {"exception":"[object] (RuntimeException(code: 0): Unable to create the cache directory (/var/www/gradel_dev/tgsmith/Gradel/symfony_project/var/cache/prod/twig/74). at /var/www/gradel_dev/tgsmith/Gradel/symfony_project/vendor/twig/twig/lib/Twig/Cache/Filesystem.php:57, Twig_Error_Runtime(code: 0): An exception has been thrown during the rendering of a template (\"The target-entity AppBundle\\Entity\\Problem cannot be found in 'AppBundle\\Entity\\Assignment#problems'.\"). at /var/www/gradel_dev/tgsmith/Gradel/symfony_project/app/Resources/views/default/index.html.twig:30, Doctrine\\ORM\\Mapping\\MappingException(code: 0): The target-entity AppBundle\\Entity\\Problem cannot be found in 'AppBundle\\Entity\\Assignment#problems'. at /var/www/gradel_dev/tgsmith/Gradel/symfony_project/vendor/doctrine/orm/lib/Doctrine/ORM/Mapping/MappingException.php:762)"} []
[2017-09-20 15:17:34] request.CRITICAL: Uncaught PHP Exception RuntimeException: "Unable to create the cache directory (/var/www/gradel_dev/tgsmith/Gradel/symfony_project/var/cache/prod/twig/74)." at /var/www/gradel_dev/tgsmith/Gradel/symfony_project/vendor/twig/twig/lib/Twig/Cache/Filesystem.php line 57 {"exception":"[object] (RuntimeException(code: 0): Unable to create the cache directory (/var/www/gradel_dev/tgsmith/Gradel/symfony_project/var/cache/prod/twig/74). at /var/www/gradel_dev/tgsmith/Gradel/symfony_project/vendor/twig/twig/lib/Twig/Cache/Filesystem.php:57, Twig_Error_Runtime(code: 0): An exception has been thrown during the rendering of a template (\"The target-entity AppBundle\\Entity\\Problem cannot be found in 'AppBundle\\Entity\\Assignment#problems'.\"). at /var/www/gradel_dev/tgsmith/Gradel/symfony_project/app/Resources/views/default/index.html.twig:30, Doctrine\\ORM\\Mapping\\MappingException(code: 0): The target-entity AppBundle\\Entity\\Problem cannot be found in 'AppBundle\\Entity\\Assignment#problems'. at /var/www/gradel_dev/tgsmith/Gradel/symfony_project/vendor/doctrine/orm/lib/Doctrine/ORM/Mapping/MappingException.php:762)"} []
[2017-09-20 15:17:34] request.CRITICAL: Exception thrown when handling an exception (RuntimeException: Unable to create the cache directory (/var/www/gradel_dev/tgsmith/Gradel/symfony_project/var/cache/prod/twig/74). at /var/www/gradel_dev/tgsmith/Gradel/symfony_project/vendor/twig/twig/lib/Twig/Cache/Filesystem.php line 57) {"exception":"[object] (RuntimeException(code: 0): Unable to create the cache directory (/var/www/gradel_dev/tgsmith/Gradel/symfony_project/var/cache/prod/twig/74). at /var/www/gradel_dev/tgsmith/Gradel/symfony_project/vendor/twig/twig/lib/Twig/Cache/Filesystem.php:57)"} []
[2017-09-20 15:17:34] php.CRITICAL: Uncaught Exception: Unable to create the cache directory (/var/www/gradel_dev/tgsmith/Gradel/symfony_project/var/cache/prod/twig/74). {"exception":"[object] (RuntimeException(code: 0): Unable to create the cache directory (/var/www/gradel_dev/tgsmith/Gradel/symfony_project/var/cache/prod/twig/74). at /var/www/gradel_dev/tgsmith/Gradel/symfony_project/vendor/twig/twig/lib/Twig/Cache/Filesystem.php:57, RuntimeException(code: 0): Unable to create the cache directory (/var/www/gradel_dev/tgsmith/Gradel/symfony_project/var/cache/prod/twig/74). at /var/www/gradel_dev/tgsmith/Gradel/symfony_project/vendor/twig/twig/lib/Twig/Cache/Filesystem.php:57, Twig_Error_Runtime(code: 0): An exception has been thrown during the rendering of a template (\"The target-entity AppBundle\\Entity\\Problem cannot be found in 'AppBundle\\Entity\\Assignment#problems'.\"). at /var/www/gradel_dev/tgsmith/Gradel/symfony_project/app/Resources/views/default/index.html.twig:30, Doctrine\\ORM\\Mapping\\MappingException(code: 0): The target-entity AppBundle\\Entity\\Problem cannot be found in 'AppBundle\\Entity\\Assignment#problems'. at /var/www/gradel_dev/tgsmith/Gradel/symfony_project/vendor/doctrine/orm/lib/Doctrine/ORM/Mapping/MappingException.php:762)"} []
[2017-09-20 15:17:34] php.CRITICAL: Fatal Error: Uncaught exception 'Doctrine\ORM\Mapping\MappingException' with message 'The target-entity AppBundle\Entity\Problem cannot be found in 'AppBundle\Entity\Assignment#problems'.' in /var/www/gradel_dev/tgsmith/Gradel/symfony_project/vendor/doctrine/orm/lib/Doctrine/ORM/Mapping/MappingException.php:762 Stack trace: #0 /var/www/gradel_dev/tgsmith/Gradel/symfony_project/vendor/doctrine/orm/lib/Doctrine/ORM/Mapping/ClassMetadataInfo.php(1028): Doctrine\ORM\Mapping\MappingException::invalidTargetEntityClass('AppBundle\Entit...', 'AppBundle\Entit...', 'problems') #1 /var/www/gradel_dev/tgsmith/Gradel/symfony_project/vendor/doctrine/orm/lib/Doctrine/ORM/Mapping/ClassMetadataFactory.php(272): Doctrine\ORM\Mapping\ClassMetadataInfo->validateAssociations() #2 /var/www/gradel_dev/tgsmith/Gradel/symfony_project/vendor/doctrine/orm/lib/Doctrine/ORM/Mapping/ClassMetadataFactory.php(251): Doctrine\ORM\Mapping\ClassMetadataFactory->validateRuntimeMetadata(Object(Doctrine\ORM\Mapping\ClassMetadata), NULL) #3 /var/www/gradel_dev/ {"exception":"[object] (Symfony\\Component\\Debug\\Exception\\FatalErrorException(code: 0): Error: Uncaught exception 'Doctrine\\ORM\\Mapping\\MappingException' with message 'The target-entity AppBundle\\Entity\\Problem cannot be found in 'AppBundle\\Entity\\Assignment#problems'.' in /var/www/gradel_dev/tgsmith/Gradel/symfony_project/vendor/doctrine/orm/lib/Doctrine/ORM/Mapping/MappingException.php:762\nStack trace:\n#0 /var/www/gradel_dev/tgsmith/Gradel/symfony_project/vendor/doctrine/orm/lib/Doctrine/ORM/Mapping/ClassMetadataInfo.php(1028): Doctrine\\ORM\\Mapping\\MappingException::invalidTargetEntityClass('AppBundle\\Entit...', 'AppBundle\\Entit...', 'problems')\n#1 /var/www/gradel_dev/tgsmith/Gradel/symfony_project/vendor/doctrine/orm/lib/Doctrine/ORM/Mapping/ClassMetadataFactory.php(272): Doctrine\\ORM\\Mapping\\ClassMetadataInfo->validateAssociations()\n#2 /var/www/gradel_dev/tgsmith/Gradel/symfony_project/vendor/doctrine/orm/lib/Doctrine/ORM/Mapping/ClassMetadataFactory.php(251): Doctrine\\ORM\\Mapping\\ClassMetadataFactory->validateRuntimeMetadata(Object(Doctrine\\ORM\\Mapping\\ClassMetadata), NULL)\n#3 /var/www/gradel_dev/ at /var/www/gradel_dev/tgsmith/Gradel/symfony_project/vendor/twig/twig/lib/Twig/Cache/Filesystem.php:57)"} []
[2017-09-20 15:17:34] request.INFO: Matched route "homepage". {"route":"homepage","route_parameters":{"_controller":"AppBundle\\Controller\\DefaultController::indexAction","_route":"homepage"},"request_uri":"http://joseph.cedarville.edu/gradel_dev/tgsmith/Gradel/symfony_project/web/","method":"GET"} []
[2017-09-20 15:17:34] security.INFO: Populated the TokenStorage with an anonymous Token. [] []
[2017-09-20 15:17:34] php.WARNING: Warning: include(/var/www/gradel_dev/tgsmith/Gradel/symfony_project/src/AppBundle/Entity/Problem.php): failed to open stream: Permission denied {"exception":"[object] (ErrorException(code: 0): Warning: include(/var/www/gradel_dev/tgsmith/Gradel/symfony_project/src/AppBundle/Entity/Problem.php): failed to open stream: Permission denied at /var/www/gradel_dev/tgsmith/Gradel/symfony_project/vendor/composer/ClassLoader.php:444)"} []
[2017-09-20 15:17:34] php.WARNING: Warning: include(): Failed opening '/var/www/gradel_dev/tgsmith/Gradel/symfony_project/src/AppBundle/Entity/Problem.php' for inclusion (include_path='.:/usr/share/php:/usr/share/pear') {"exception":"[object] (ErrorException(code: 0): Warning: include(): Failed opening '/var/www/gradel_dev/tgsmith/Gradel/symfony_project/src/AppBundle/Entity/Problem.php' for inclusion (include_path='.:/usr/share/php:/usr/share/pear') at /var/www/gradel_dev/tgsmith/Gradel/symfony_project/vendor/composer/ClassLoader.php:444)"} []
[2017-09-20 15:17:34] php.WARNING: Warning: include(/var/www/gradel_dev/tgsmith/Gradel/symfony_project/src/AppBundle/Entity/Problem.php): failed to open stream: Permission denied {"exception":"[object] (ErrorException(code: 0): Warning: include(/var/www/gradel_dev/tgsmith/Gradel/symfony_project/src/AppBundle/Entity/Problem.php): failed to open stream: Permission denied at /var/www/gradel_dev/tgsmith/Gradel/symfony_project/vendor/composer/ClassLoader.php:444)"} []
[2017-09-20 15:17:34] php.WARNING: Warning: include(): Failed opening '/var/www/gradel_dev/tgsmith/Gradel/symfony_project/src/AppBundle/Entity/Problem.php' for inclusion (include_path='.:/usr/share/php:/usr/share/pear') {"exception":"[object] (ErrorException(code: 0): Warning: include(): Failed opening '/var/www/gradel_dev/tgsmith/Gradel/symfony_project/src/AppBundle/Entity/Problem.php' for inclusion (include_path='.:/usr/share/php:/usr/share/pear') at /var/www/gradel_dev/tgsmith/Gradel/symfony_project/vendor/composer/ClassLoader.php:444)"} []
[2017-09-20 15:17:34] php.WARNING: Warning: include(/var/www/gradel_dev/tgsmith/Gradel/symfony_project/src/AppBundle/Entity/Problem.php): failed to open stream: Permission denied {"exception":"[object] (ErrorException(code: 0): Warning: include(/var/www/gradel_dev/tgsmith/Gradel/symfony_project/src/AppBundle/Entity/Problem.php): failed to open stream: Permission denied at /var/www/gradel_dev/tgsmith/Gradel/symfony_project/vendor/composer/ClassLoader.php:444)"} []
[2017-09-20 15:17:34] php.WARNING: Warning: include(): Failed opening '/var/www/gradel_dev/tgsmith/Gradel/symfony_project/src/AppBundle/Entity/Problem.php' for inclusion (include_path='.:/usr/share/php:/usr/share/pear') {"exception":"[object] (ErrorException(code: 0): Warning: include(): Failed opening '/var/www/gradel_dev/tgsmith/Gradel/symfony_project/src/AppBundle/Entity/Problem.php' for inclusion (include_path='.:/usr/share/php:/usr/share/pear') at /var/www/gradel_dev/tgsmith/Gradel/symfony_project/vendor/composer/ClassLoader.php:444)"} []
[2017-09-20 15:17:34] request.CRITICAL: Uncaught PHP Exception Twig_Error_Runtime: "An exception has been thrown during the rendering of a template ("The target-entity AppBundle\Entity\Problem cannot be found in 'AppBundle\Entity\Assignment#problems'.")." at /var/www/gradel_dev/tgsmith/Gradel/symfony_project/app/Resources/views/default/index.html.twig line 30 {"exception":"[object] (Twig_Error_Runtime(code: 0): An exception has been thrown during the rendering of a template (\"The target-entity AppBundle\\Entity\\Problem cannot be found in 'AppBundle\\Entity\\Assignment#problems'.\"). at /var/www/gradel_dev/tgsmith/Gradel/symfony_project/app/Resources/views/default/index.html.twig:30, Doctrine\\ORM\\Mapping\\MappingException(code: 0): The target-entity AppBundle\\Entity\\Problem cannot be found in 'AppBundle\\Entity\\Assignment#problems'. at /var/www/gradel_dev/tgsmith/Gradel/symfony_project/vendor/doctrine/orm/lib/Doctrine/ORM/Mapping/MappingException.php:762)"} []
[2017-09-20 15:17:34] request.CRITICAL: Exception thrown when handling an exception (RuntimeException: Unable to create the cache directory (/var/www/gradel_dev/tgsmith/Gradel/symfony_project/var/cache/prod/twig/74). at /var/www/gradel_dev/tgsmith/Gradel/symfony_project/vendor/twig/twig/lib/Twig/Cache/Filesystem.php line 57) {"exception":"[object] (RuntimeException(code: 0): Unable to create the cache directory (/var/www/gradel_dev/tgsmith/Gradel/symfony_project/var/cache/prod/twig/74). at /var/www/gradel_dev/tgsmith/Gradel/symfony_project/vendor/twig/twig/lib/Twig/Cache/Filesystem.php:57)"} []
[2017-09-20 15:17:34] php.CRITICAL: Uncaught Exception: Unable to create the cache directory (/var/www/gradel_dev/tgsmith/Gradel/symfony_project/var/cache/prod/twig/74). {"exception":"[object] (RuntimeException(code: 0): Unable to create the cache directory (/var/www/gradel_dev/tgsmith/Gradel/symfony_project/var/cache/prod/twig/74). at /var/www/gradel_dev/tgsmith/Gradel/symfony_project/vendor/twig/twig/lib/Twig/Cache/Filesystem.php:57, Twig_Error_Runtime(code: 0): An exception has been thrown during the rendering of a template (\"The target-entity AppBundle\\Entity\\Problem cannot be found in 'AppBundle\\Entity\\Assignment#problems'.\"). at /var/www/gradel_dev/tgsmith/Gradel/symfony_project/app/Resources/views/default/index.html.twig:30, Doctrine\\ORM\\Mapping\\MappingException(code: 0): The target-entity AppBundle\\Entity\\Problem cannot be found in 'AppBundle\\Entity\\Assignment#problems'. at /var/www/gradel_dev/tgsmith/Gradel/symfony_project/vendor/doctrine/orm/lib/Doctrine/ORM/Mapping/MappingException.php:762)"} []
[2017-09-20 15:17:34] request.CRITICAL: Uncaught PHP Exception RuntimeException: "Unable to create the cache directory (/var/www/gradel_dev/tgsmith/Gradel/symfony_project/var/cache/prod/twig/74)." at /var/www/gradel_dev/tgsmith/Gradel/symfony_project/vendor/twig/twig/lib/Twig/Cache/Filesystem.php line 57 {"exception":"[object] (RuntimeException(code: 0): Unable to create the cache directory (/var/www/gradel_dev/tgsmith/Gradel/symfony_project/var/cache/prod/twig/74). at /var/www/gradel_dev/tgsmith/Gradel/symfony_project/vendor/twig/twig/lib/Twig/Cache/Filesystem.php:57, Twig_Error_Runtime(code: 0): An exception has been thrown during the rendering of a template (\"The target-entity AppBundle\\Entity\\Problem cannot be found in 'AppBundle\\Entity\\Assignment#problems'.\"). at /var/www/gradel_dev/tgsmith/Gradel/symfony_project/app/Resources/views/default/index.html.twig:30, Doctrine\\ORM\\Mapping\\MappingException(code: 0): The target-entity AppBundle\\Entity\\Problem cannot be found in 'AppBundle\\Entity\\Assignment#problems'. at /var/www/gradel_dev/tgsmith/Gradel/symfony_project/vendor/doctrine/orm/lib/Doctrine/ORM/Mapping/MappingException.php:762)"} []
[2017-09-20 15:17:34] request.CRITICAL: Exception thrown when handling an exception (RuntimeException: Unable to create the cache directory (/var/www/gradel_dev/tgsmith/Gradel/symfony_project/var/cache/prod/twig/74). at /var/www/gradel_dev/tgsmith/Gradel/symfony_project/vendor/twig/twig/lib/Twig/Cache/Filesystem.php line 57) {"exception":"[object] (RuntimeException(code: 0): Unable to create the cache directory (/var/www/gradel_dev/tgsmith/Gradel/symfony_project/var/cache/prod/twig/74). at /var/www/gradel_dev/tgsmith/Gradel/symfony_project/vendor/twig/twig/lib/Twig/Cache/Filesystem.php:57)"} []
[2017-09-20 15:17:34] php.CRITICAL: Uncaught Exception: Unable to create the cache directory (/var/www/gradel_dev/tgsmith/Gradel/symfony_project/var/cache/prod/twig/74). {"exception":"[object] (RuntimeException(code: 0): Unable to create the cache directory (/var/www/gradel_dev/tgsmith/Gradel/symfony_project/var/cache/prod/twig/74). at /var/www/gradel_dev/tgsmith/Gradel/symfony_project/vendor/twig/twig/lib/Twig/Cache/Filesystem.php:57, RuntimeException(code: 0): Unable to create the cache directory (/var/www/gradel_dev/tgsmith/Gradel/symfony_project/var/cache/prod/twig/74). at /var/www/gradel_dev/tgsmith/Gradel/symfony_project/vendor/twig/twig/lib/Twig/Cache/Filesystem.php:57, Twig_Error_Runtime(code: 0): An exception has been thrown during the rendering of a template (\"The target-entity AppBundle\\Entity\\Problem cannot be found in 'AppBundle\\Entity\\Assignment#problems'.\"). at /var/www/gradel_dev/tgsmith/Gradel/symfony_project/app/Resources/views/default/index.html.twig:30, Doctrine\\ORM\\Mapping\\MappingException(code: 0): The target-entity AppBundle\\Entity\\Problem cannot be found in 'AppBundle\\Entity\\Assignment#problems'. at /var/www/gradel_dev/tgsmith/Gradel/symfony_project/vendor/doctrine/orm/lib/Doctrine/ORM/Mapping/MappingException.php:762)"} []
[2017-09-20 15:17:34] php.CRITICAL: Fatal Error: Uncaught exception 'Doctrine\ORM\Mapping\MappingException' with message 'The target-entity AppBundle\Entity\Problem cannot be found in 'AppBundle\Entity\Assignment#problems'.' in /var/www/gradel_dev/tgsmith/Gradel/symfony_project/vendor/doctrine/orm/lib/Doctrine/ORM/Mapping/MappingException.php:762 Stack trace: #0 /var/www/gradel_dev/tgsmith/Gradel/symfony_project/vendor/doctrine/orm/lib/Doctrine/ORM/Mapping/ClassMetadataInfo.php(1028): Doctrine\ORM\Mapping\MappingException::invalidTargetEntityClass('AppBundle\Entit...', 'AppBundle\Entit...', 'problems') #1 /var/www/gradel_dev/tgsmith/Gradel/symfony_project/vendor/doctrine/orm/lib/Doctrine/ORM/Mapping/ClassMetadataFactory.php(272): Doctrine\ORM\Mapping\ClassMetadataInfo->validateAssociations() #2 /var/www/gradel_dev/tgsmith/Gradel/symfony_project/vendor/doctrine/orm/lib/Doctrine/ORM/Mapping/ClassMetadataFactory.php(251): Doctrine\ORM\Mapping\ClassMetadataFactory->validateRuntimeMetadata(Object(Doctrine\ORM\Mapping\ClassMetadata), NULL) #3 /var/www/gradel_dev/ {"exception":"[object] (Symfony\\Component\\Debug\\Exception\\FatalErrorException(code: 0): Error: Uncaught exception 'Doctrine\\ORM\\Mapping\\MappingException' with message 'The target-entity AppBundle\\Entity\\Problem cannot be found in 'AppBundle\\Entity\\Assignment#problems'.' in /var/www/gradel_dev/tgsmith/Gradel/symfony_project/vendor/doctrine/orm/lib/Doctrine/ORM/Mapping/MappingException.php:762\nStack trace:\n#0 /var/www/gradel_dev/tgsmith/Gradel/symfony_project/vendor/doctrine/orm/lib/Doctrine/ORM/Mapping/ClassMetadataInfo.php(1028): Doctrine\\ORM\\Mapping\\MappingException::invalidTargetEntityClass('AppBundle\\Entit...', 'AppBundle\\Entit...', 'problems')\n#1 /var/www/gradel_dev/tgsmith/Gradel/symfony_project/vendor/doctrine/orm/lib/Doctrine/ORM/Mapping/ClassMetadataFactory.php(272): Doctrine\\ORM\\Mapping\\ClassMetadataInfo->validateAssociations()\n#2 /var/www/gradel_dev/tgsmith/Gradel/symfony_project/vendor/doctrine/orm/lib/Doctrine/ORM/Mapping/ClassMetadataFactory.php(251): Doctrine\\ORM\\Mapping\\ClassMetadataFactory->validateRuntimeMetadata(Object(Doctrine\\ORM\\Mapping\\ClassMetadata), NULL)\n#3 /var/www/gradel_dev/ at /var/www/gradel_dev/tgsmith/Gradel/symfony_project/vendor/twig/twig/lib/Twig/Cache/Filesystem.php:57)"} []
[2017-09-20 15:17:34] request.INFO: Matched route "homepage". {"route":"homepage","route_parameters":{"_controller":"AppBundle\\Controller\\DefaultController::indexAction","_route":"homepage"},"request_uri":"http://joseph.cedarville.edu/gradel_dev/tgsmith/Gradel/symfony_project/web/","method":"GET"} []
[2017-09-20 15:17:34] security.INFO: Populated the TokenStorage with an anonymous Token. [] []
[2017-09-20 15:17:34] php.WARNING: Warning: include(/var/www/gradel_dev/tgsmith/Gradel/symfony_project/src/AppBundle/Entity/Problem.php): failed to open stream: Permission denied {"exception":"[object] (ErrorException(code: 0): Warning: include(/var/www/gradel_dev/tgsmith/Gradel/symfony_project/src/AppBundle/Entity/Problem.php): failed to open stream: Permission denied at /var/www/gradel_dev/tgsmith/Gradel/symfony_project/vendor/composer/ClassLoader.php:444)"} []
[2017-09-20 15:17:34] php.WARNING: Warning: include(): Failed opening '/var/www/gradel_dev/tgsmith/Gradel/symfony_project/src/AppBundle/Entity/Problem.php' for inclusion (include_path='.:/usr/share/php:/usr/share/pear') {"exception":"[object] (ErrorException(code: 0): Warning: include(): Failed opening '/var/www/gradel_dev/tgsmith/Gradel/symfony_project/src/AppBundle/Entity/Problem.php' for inclusion (include_path='.:/usr/share/php:/usr/share/pear') at /var/www/gradel_dev/tgsmith/Gradel/symfony_project/vendor/composer/ClassLoader.php:444)"} []
[2017-09-20 15:17:34] php.WARNING: Warning: include(/var/www/gradel_dev/tgsmith/Gradel/symfony_project/src/AppBundle/Entity/Problem.php): failed to open stream: Permission denied {"exception":"[object] (ErrorException(code: 0): Warning: include(/var/www/gradel_dev/tgsmith/Gradel/symfony_project/src/AppBundle/Entity/Problem.php): failed to open stream: Permission denied at /var/www/gradel_dev/tgsmith/Gradel/symfony_project/vendor/composer/ClassLoader.php:444)"} []
[2017-09-20 15:17:34] php.WARNING: Warning: include(): Failed opening '/var/www/gradel_dev/tgsmith/Gradel/symfony_project/src/AppBundle/Entity/Problem.php' for inclusion (include_path='.:/usr/share/php:/usr/share/pear') {"exception":"[object] (ErrorException(code: 0): Warning: include(): Failed opening '/var/www/gradel_dev/tgsmith/Gradel/symfony_project/src/AppBundle/Entity/Problem.php' for inclusion (include_path='.:/usr/share/php:/usr/share/pear') at /var/www/gradel_dev/tgsmith/Gradel/symfony_project/vendor/composer/ClassLoader.php:444)"} []
[2017-09-20 15:17:34] php.WARNING: Warning: include(/var/www/gradel_dev/tgsmith/Gradel/symfony_project/src/AppBundle/Entity/Problem.php): failed to open stream: Permission denied {"exception":"[object] (ErrorException(code: 0): Warning: include(/var/www/gradel_dev/tgsmith/Gradel/symfony_project/src/AppBundle/Entity/Problem.php): failed to open stream: Permission denied at /var/www/gradel_dev/tgsmith/Gradel/symfony_project/vendor/composer/ClassLoader.php:444)"} []
[2017-09-20 15:17:34] php.WARNING: Warning: include(): Failed opening '/var/www/gradel_dev/tgsmith/Gradel/symfony_project/src/AppBundle/Entity/Problem.php' for inclusion (include_path='.:/usr/share/php:/usr/share/pear') {"exception":"[object] (ErrorException(code: 0): Warning: include(): Failed opening '/var/www/gradel_dev/tgsmith/Gradel/symfony_project/src/AppBundle/Entity/Problem.php' for inclusion (include_path='.:/usr/share/php:/usr/share/pear') at /var/www/gradel_dev/tgsmith/Gradel/symfony_project/vendor/composer/ClassLoader.php:444)"} []
[2017-09-20 15:17:34] request.CRITICAL: Uncaught PHP Exception Twig_Error_Runtime: "An exception has been thrown during the rendering of a template ("The target-entity AppBundle\Entity\Problem cannot be found in 'AppBundle\Entity\Assignment#problems'.")." at /var/www/gradel_dev/tgsmith/Gradel/symfony_project/app/Resources/views/default/index.html.twig line 30 {"exception":"[object] (Twig_Error_Runtime(code: 0): An exception has been thrown during the rendering of a template (\"The target-entity AppBundle\\Entity\\Problem cannot be found in 'AppBundle\\Entity\\Assignment#problems'.\"). at /var/www/gradel_dev/tgsmith/Gradel/symfony_project/app/Resources/views/default/index.html.twig:30, Doctrine\\ORM\\Mapping\\MappingException(code: 0): The target-entity AppBundle\\Entity\\Problem cannot be found in 'AppBundle\\Entity\\Assignment#problems'. at /var/www/gradel_dev/tgsmith/Gradel/symfony_project/vendor/doctrine/orm/lib/Doctrine/ORM/Mapping/MappingException.php:762)"} []
[2017-09-20 15:17:34] request.CRITICAL: Exception thrown when handling an exception (RuntimeException: Unable to create the cache directory (/var/www/gradel_dev/tgsmith/Gradel/symfony_project/var/cache/prod/twig/74). at /var/www/gradel_dev/tgsmith/Gradel/symfony_project/vendor/twig/twig/lib/Twig/Cache/Filesystem.php line 57) {"exception":"[object] (RuntimeException(code: 0): Unable to create the cache directory (/var/www/gradel_dev/tgsmith/Gradel/symfony_project/var/cache/prod/twig/74). at /var/www/gradel_dev/tgsmith/Gradel/symfony_project/vendor/twig/twig/lib/Twig/Cache/Filesystem.php:57)"} []
[2017-09-20 15:17:34] php.CRITICAL: Uncaught Exception: Unable to create the cache directory (/var/www/gradel_dev/tgsmith/Gradel/symfony_project/var/cache/prod/twig/74). {"exception":"[object] (RuntimeException(code: 0): Unable to create the cache directory (/var/www/gradel_dev/tgsmith/Gradel/symfony_project/var/cache/prod/twig/74). at /var/www/gradel_dev/tgsmith/Gradel/symfony_project/vendor/twig/twig/lib/Twig/Cache/Filesystem.php:57, Twig_Error_Runtime(code: 0): An exception has been thrown during the rendering of a template (\"The target-entity AppBundle\\Entity\\Problem cannot be found in 'AppBundle\\Entity\\Assignment#problems'.\"). at /var/www/gradel_dev/tgsmith/Gradel/symfony_project/app/Resources/views/default/index.html.twig:30, Doctrine\\ORM\\Mapping\\MappingException(code: 0): The target-entity AppBundle\\Entity\\Problem cannot be found in 'AppBundle\\Entity\\Assignment#problems'. at /var/www/gradel_dev/tgsmith/Gradel/symfony_project/vendor/doctrine/orm/lib/Doctrine/ORM/Mapping/MappingException.php:762)"} []
[2017-09-20 15:17:34] request.CRITICAL: Uncaught PHP Exception RuntimeException: "Unable to create the cache directory (/var/www/gradel_dev/tgsmith/Gradel/symfony_project/var/cache/prod/twig/74)." at /var/www/gradel_dev/tgsmith/Gradel/symfony_project/vendor/twig/twig/lib/Twig/Cache/Filesystem.php line 57 {"exception":"[object] (RuntimeException(code: 0): Unable to create the cache directory (/var/www/gradel_dev/tgsmith/Gradel/symfony_project/var/cache/prod/twig/74). at /var/www/gradel_dev/tgsmith/Gradel/symfony_project/vendor/twig/twig/lib/Twig/Cache/Filesystem.php:57, Twig_Error_Runtime(code: 0): An exception has been thrown during the rendering of a template (\"The target-entity AppBundle\\Entity\\Problem cannot be found in 'AppBundle\\Entity\\Assignment#problems'.\"). at /var/www/gradel_dev/tgsmith/Gradel/symfony_project/app/Resources/views/default/index.html.twig:30, Doctrine\\ORM\\Mapping\\MappingException(code: 0): The target-entity AppBundle\\Entity\\Problem cannot be found in 'AppBundle\\Entity\\Assignment#problems'. at /var/www/gradel_dev/tgsmith/Gradel/symfony_project/vendor/doctrine/orm/lib/Doctrine/ORM/Mapping/MappingException.php:762)"} []
[2017-09-20 15:17:35] request.CRITICAL: Exception thrown when handling an exception (RuntimeException: Unable to create the cache directory (/var/www/gradel_dev/tgsmith/Gradel/symfony_project/var/cache/prod/twig/74). at /var/www/gradel_dev/tgsmith/Gradel/symfony_project/vendor/twig/twig/lib/Twig/Cache/Filesystem.php line 57) {"exception":"[object] (RuntimeException(code: 0): Unable to create the cache directory (/var/www/gradel_dev/tgsmith/Gradel/symfony_project/var/cache/prod/twig/74). at /var/www/gradel_dev/tgsmith/Gradel/symfony_project/vendor/twig/twig/lib/Twig/Cache/Filesystem.php:57)"} []
[2017-09-20 15:17:35] php.CRITICAL: Uncaught Exception: Unable to create the cache directory (/var/www/gradel_dev/tgsmith/Gradel/symfony_project/var/cache/prod/twig/74). {"exception":"[object] (RuntimeException(code: 0): Unable to create the cache directory (/var/www/gradel_dev/tgsmith/Gradel/symfony_project/var/cache/prod/twig/74). at /var/www/gradel_dev/tgsmith/Gradel/symfony_project/vendor/twig/twig/lib/Twig/Cache/Filesystem.php:57, RuntimeException(code: 0): Unable to create the cache directory (/var/www/gradel_dev/tgsmith/Gradel/symfony_project/var/cache/prod/twig/74). at /var/www/gradel_dev/tgsmith/Gradel/symfony_project/vendor/twig/twig/lib/Twig/Cache/Filesystem.php:57, Twig_Error_Runtime(code: 0): An exception has been thrown during the rendering of a template (\"The target-entity AppBundle\\Entity\\Problem cannot be found in 'AppBundle\\Entity\\Assignment#problems'.\"). at /var/www/gradel_dev/tgsmith/Gradel/symfony_project/app/Resources/views/default/index.html.twig:30, Doctrine\\ORM\\Mapping\\MappingException(code: 0): The target-entity AppBundle\\Entity\\Problem cannot be found in 'AppBundle\\Entity\\Assignment#problems'. at /var/www/gradel_dev/tgsmith/Gradel/symfony_project/vendor/doctrine/orm/lib/Doctrine/ORM/Mapping/MappingException.php:762)"} []
[2017-09-20 15:17:35] php.CRITICAL: Fatal Error: Uncaught exception 'Doctrine\ORM\Mapping\MappingException' with message 'The target-entity AppBundle\Entity\Problem cannot be found in 'AppBundle\Entity\Assignment#problems'.' in /var/www/gradel_dev/tgsmith/Gradel/symfony_project/vendor/doctrine/orm/lib/Doctrine/ORM/Mapping/MappingException.php:762 Stack trace: #0 /var/www/gradel_dev/tgsmith/Gradel/symfony_project/vendor/doctrine/orm/lib/Doctrine/ORM/Mapping/ClassMetadataInfo.php(1028): Doctrine\ORM\Mapping\MappingException::invalidTargetEntityClass('AppBundle\Entit...', 'AppBundle\Entit...', 'problems') #1 /var/www/gradel_dev/tgsmith/Gradel/symfony_project/vendor/doctrine/orm/lib/Doctrine/ORM/Mapping/ClassMetadataFactory.php(272): Doctrine\ORM\Mapping\ClassMetadataInfo->validateAssociations() #2 /var/www/gradel_dev/tgsmith/Gradel/symfony_project/vendor/doctrine/orm/lib/Doctrine/ORM/Mapping/ClassMetadataFactory.php(251): Doctrine\ORM\Mapping\ClassMetadataFactory->validateRuntimeMetadata(Object(Doctrine\ORM\Mapping\ClassMetadata), NULL) #3 /var/www/gradel_dev/ {"exception":"[object] (Symfony\\Component\\Debug\\Exception\\FatalErrorException(code: 0): Error: Uncaught exception 'Doctrine\\ORM\\Mapping\\MappingException' with message 'The target-entity AppBundle\\Entity\\Problem cannot be found in 'AppBundle\\Entity\\Assignment#problems'.' in /var/www/gradel_dev/tgsmith/Gradel/symfony_project/vendor/doctrine/orm/lib/Doctrine/ORM/Mapping/MappingException.php:762\nStack trace:\n#0 /var/www/gradel_dev/tgsmith/Gradel/symfony_project/vendor/doctrine/orm/lib/Doctrine/ORM/Mapping/ClassMetadataInfo.php(1028): Doctrine\\ORM\\Mapping\\MappingException::invalidTargetEntityClass('AppBundle\\Entit...', 'AppBundle\\Entit...', 'problems')\n#1 /var/www/gradel_dev/tgsmith/Gradel/symfony_project/vendor/doctrine/orm/lib/Doctrine/ORM/Mapping/ClassMetadataFactory.php(272): Doctrine\\ORM\\Mapping\\ClassMetadataInfo->validateAssociations()\n#2 /var/www/gradel_dev/tgsmith/Gradel/symfony_project/vendor/doctrine/orm/lib/Doctrine/ORM/Mapping/ClassMetadataFactory.php(251): Doctrine\\ORM\\Mapping\\ClassMetadataFactory->validateRuntimeMetadata(Object(Doctrine\\ORM\\Mapping\\ClassMetadata), NULL)\n#3 /var/www/gradel_dev/ at /var/www/gradel_dev/tgsmith/Gradel/symfony_project/vendor/twig/twig/lib/Twig/Cache/Filesystem.php:57)"} []
[2017-09-20 15:17:35] request.INFO: Matched route "homepage". {"route":"homepage","route_parameters":{"_controller":"AppBundle\\Controller\\DefaultController::indexAction","_route":"homepage"},"request_uri":"http://joseph.cedarville.edu/gradel_dev/tgsmith/Gradel/symfony_project/web/","method":"GET"} []
[2017-09-20 15:17:35] security.INFO: Populated the TokenStorage with an anonymous Token. [] []
[2017-09-20 15:17:35] php.WARNING: Warning: include(/var/www/gradel_dev/tgsmith/Gradel/symfony_project/src/AppBundle/Entity/Problem.php): failed to open stream: Permission denied {"exception":"[object] (ErrorException(code: 0): Warning: include(/var/www/gradel_dev/tgsmith/Gradel/symfony_project/src/AppBundle/Entity/Problem.php): failed to open stream: Permission denied at /var/www/gradel_dev/tgsmith/Gradel/symfony_project/vendor/composer/ClassLoader.php:444)"} []
[2017-09-20 15:17:35] php.WARNING: Warning: include(): Failed opening '/var/www/gradel_dev/tgsmith/Gradel/symfony_project/src/AppBundle/Entity/Problem.php' for inclusion (include_path='.:/usr/share/php:/usr/share/pear') {"exception":"[object] (ErrorException(code: 0): Warning: include(): Failed opening '/var/www/gradel_dev/tgsmith/Gradel/symfony_project/src/AppBundle/Entity/Problem.php' for inclusion (include_path='.:/usr/share/php:/usr/share/pear') at /var/www/gradel_dev/tgsmith/Gradel/symfony_project/vendor/composer/ClassLoader.php:444)"} []
[2017-09-20 15:17:35] php.WARNING: Warning: include(/var/www/gradel_dev/tgsmith/Gradel/symfony_project/src/AppBundle/Entity/Problem.php): failed to open stream: Permission denied {"exception":"[object] (ErrorException(code: 0): Warning: include(/var/www/gradel_dev/tgsmith/Gradel/symfony_project/src/AppBundle/Entity/Problem.php): failed to open stream: Permission denied at /var/www/gradel_dev/tgsmith/Gradel/symfony_project/vendor/composer/ClassLoader.php:444)"} []
[2017-09-20 15:17:35] php.WARNING: Warning: include(): Failed opening '/var/www/gradel_dev/tgsmith/Gradel/symfony_project/src/AppBundle/Entity/Problem.php' for inclusion (include_path='.:/usr/share/php:/usr/share/pear') {"exception":"[object] (ErrorException(code: 0): Warning: include(): Failed opening '/var/www/gradel_dev/tgsmith/Gradel/symfony_project/src/AppBundle/Entity/Problem.php' for inclusion (include_path='.:/usr/share/php:/usr/share/pear') at /var/www/gradel_dev/tgsmith/Gradel/symfony_project/vendor/composer/ClassLoader.php:444)"} []
[2017-09-20 15:17:35] php.WARNING: Warning: include(/var/www/gradel_dev/tgsmith/Gradel/symfony_project/src/AppBundle/Entity/Problem.php): failed to open stream: Permission denied {"exception":"[object] (ErrorException(code: 0): Warning: include(/var/www/gradel_dev/tgsmith/Gradel/symfony_project/src/AppBundle/Entity/Problem.php): failed to open stream: Permission denied at /var/www/gradel_dev/tgsmith/Gradel/symfony_project/vendor/composer/ClassLoader.php:444)"} []
[2017-09-20 15:17:35] php.WARNING: Warning: include(): Failed opening '/var/www/gradel_dev/tgsmith/Gradel/symfony_project/src/AppBundle/Entity/Problem.php' for inclusion (include_path='.:/usr/share/php:/usr/share/pear') {"exception":"[object] (ErrorException(code: 0): Warning: include(): Failed opening '/var/www/gradel_dev/tgsmith/Gradel/symfony_project/src/AppBundle/Entity/Problem.php' for inclusion (include_path='.:/usr/share/php:/usr/share/pear') at /var/www/gradel_dev/tgsmith/Gradel/symfony_project/vendor/composer/ClassLoader.php:444)"} []
[2017-09-20 15:17:35] request.CRITICAL: Uncaught PHP Exception Twig_Error_Runtime: "An exception has been thrown during the rendering of a template ("The target-entity AppBundle\Entity\Problem cannot be found in 'AppBundle\Entity\Assignment#problems'.")." at /var/www/gradel_dev/tgsmith/Gradel/symfony_project/app/Resources/views/default/index.html.twig line 30 {"exception":"[object] (Twig_Error_Runtime(code: 0): An exception has been thrown during the rendering of a template (\"The target-entity AppBundle\\Entity\\Problem cannot be found in 'AppBundle\\Entity\\Assignment#problems'.\"). at /var/www/gradel_dev/tgsmith/Gradel/symfony_project/app/Resources/views/default/index.html.twig:30, Doctrine\\ORM\\Mapping\\MappingException(code: 0): The target-entity AppBundle\\Entity\\Problem cannot be found in 'AppBundle\\Entity\\Assignment#problems'. at /var/www/gradel_dev/tgsmith/Gradel/symfony_project/vendor/doctrine/orm/lib/Doctrine/ORM/Mapping/MappingException.php:762)"} []
[2017-09-20 15:17:35] request.CRITICAL: Exception thrown when handling an exception (RuntimeException: Unable to create the cache directory (/var/www/gradel_dev/tgsmith/Gradel/symfony_project/var/cache/prod/twig/74). at /var/www/gradel_dev/tgsmith/Gradel/symfony_project/vendor/twig/twig/lib/Twig/Cache/Filesystem.php line 57) {"exception":"[object] (RuntimeException(code: 0): Unable to create the cache directory (/var/www/gradel_dev/tgsmith/Gradel/symfony_project/var/cache/prod/twig/74). at /var/www/gradel_dev/tgsmith/Gradel/symfony_project/vendor/twig/twig/lib/Twig/Cache/Filesystem.php:57)"} []
[2017-09-20 15:17:35] php.CRITICAL: Uncaught Exception: Unable to create the cache directory (/var/www/gradel_dev/tgsmith/Gradel/symfony_project/var/cache/prod/twig/74). {"exception":"[object] (RuntimeException(code: 0): Unable to create the cache directory (/var/www/gradel_dev/tgsmith/Gradel/symfony_project/var/cache/prod/twig/74). at /var/www/gradel_dev/tgsmith/Gradel/symfony_project/vendor/twig/twig/lib/Twig/Cache/Filesystem.php:57, Twig_Error_Runtime(code: 0): An exception has been thrown during the rendering of a template (\"The target-entity AppBundle\\Entity\\Problem cannot be found in 'AppBundle\\Entity\\Assignment#problems'.\"). at /var/www/gradel_dev/tgsmith/Gradel/symfony_project/app/Resources/views/default/index.html.twig:30, Doctrine\\ORM\\Mapping\\MappingException(code: 0): The target-entity AppBundle\\Entity\\Problem cannot be found in 'AppBundle\\Entity\\Assignment#problems'. at /var/www/gradel_dev/tgsmith/Gradel/symfony_project/vendor/doctrine/orm/lib/Doctrine/ORM/Mapping/MappingException.php:762)"} []
[2017-09-20 15:17:35] request.CRITICAL: Uncaught PHP Exception RuntimeException: "Unable to create the cache directory (/var/www/gradel_dev/tgsmith/Gradel/symfony_project/var/cache/prod/twig/74)." at /var/www/gradel_dev/tgsmith/Gradel/symfony_project/vendor/twig/twig/lib/Twig/Cache/Filesystem.php line 57 {"exception":"[object] (RuntimeException(code: 0): Unable to create the cache directory (/var/www/gradel_dev/tgsmith/Gradel/symfony_project/var/cache/prod/twig/74). at /var/www/gradel_dev/tgsmith/Gradel/symfony_project/vendor/twig/twig/lib/Twig/Cache/Filesystem.php:57, Twig_Error_Runtime(code: 0): An exception has been thrown during the rendering of a template (\"The target-entity AppBundle\\Entity\\Problem cannot be found in 'AppBundle\\Entity\\Assignment#problems'.\"). at /var/www/gradel_dev/tgsmith/Gradel/symfony_project/app/Resources/views/default/index.html.twig:30, Doctrine\\ORM\\Mapping\\MappingException(code: 0): The target-entity AppBundle\\Entity\\Problem cannot be found in 'AppBundle\\Entity\\Assignment#problems'. at /var/www/gradel_dev/tgsmith/Gradel/symfony_project/vendor/doctrine/orm/lib/Doctrine/ORM/Mapping/MappingException.php:762)"} []
[2017-09-20 15:17:35] request.CRITICAL: Exception thrown when handling an exception (RuntimeException: Unable to create the cache directory (/var/www/gradel_dev/tgsmith/Gradel/symfony_project/var/cache/prod/twig/74). at /var/www/gradel_dev/tgsmith/Gradel/symfony_project/vendor/twig/twig/lib/Twig/Cache/Filesystem.php line 57) {"exception":"[object] (RuntimeException(code: 0): Unable to create the cache directory (/var/www/gradel_dev/tgsmith/Gradel/symfony_project/var/cache/prod/twig/74). at /var/www/gradel_dev/tgsmith/Gradel/symfony_project/vendor/twig/twig/lib/Twig/Cache/Filesystem.php:57)"} []
[2017-09-20 15:17:35] php.CRITICAL: Uncaught Exception: Unable to create the cache directory (/var/www/gradel_dev/tgsmith/Gradel/symfony_project/var/cache/prod/twig/74). {"exception":"[object] (RuntimeException(code: 0): Unable to create the cache directory (/var/www/gradel_dev/tgsmith/Gradel/symfony_project/var/cache/prod/twig/74). at /var/www/gradel_dev/tgsmith/Gradel/symfony_project/vendor/twig/twig/lib/Twig/Cache/Filesystem.php:57, RuntimeException(code: 0): Unable to create the cache directory (/var/www/gradel_dev/tgsmith/Gradel/symfony_project/var/cache/prod/twig/74). at /var/www/gradel_dev/tgsmith/Gradel/symfony_project/vendor/twig/twig/lib/Twig/Cache/Filesystem.php:57, Twig_Error_Runtime(code: 0): An exception has been thrown during the rendering of a template (\"The target-entity AppBundle\\Entity\\Problem cannot be found in 'AppBundle\\Entity\\Assignment#problems'.\"). at /var/www/gradel_dev/tgsmith/Gradel/symfony_project/app/Resources/views/default/index.html.twig:30, Doctrine\\ORM\\Mapping\\MappingException(code: 0): The target-entity AppBundle\\Entity\\Problem cannot be found in 'AppBundle\\Entity\\Assignment#problems'. at /var/www/gradel_dev/tgsmith/Gradel/symfony_project/vendor/doctrine/orm/lib/Doctrine/ORM/Mapping/MappingException.php:762)"} []
[2017-09-20 15:17:35] php.CRITICAL: Fatal Error: Uncaught exception 'Doctrine\ORM\Mapping\MappingException' with message 'The target-entity AppBundle\Entity\Problem cannot be found in 'AppBundle\Entity\Assignment#problems'.' in /var/www/gradel_dev/tgsmith/Gradel/symfony_project/vendor/doctrine/orm/lib/Doctrine/ORM/Mapping/MappingException.php:762 Stack trace: #0 /var/www/gradel_dev/tgsmith/Gradel/symfony_project/vendor/doctrine/orm/lib/Doctrine/ORM/Mapping/ClassMetadataInfo.php(1028): Doctrine\ORM\Mapping\MappingException::invalidTargetEntityClass('AppBundle\Entit...', 'AppBundle\Entit...', 'problems') #1 /var/www/gradel_dev/tgsmith/Gradel/symfony_project/vendor/doctrine/orm/lib/Doctrine/ORM/Mapping/ClassMetadataFactory.php(272): Doctrine\ORM\Mapping\ClassMetadataInfo->validateAssociations() #2 /var/www/gradel_dev/tgsmith/Gradel/symfony_project/vendor/doctrine/orm/lib/Doctrine/ORM/Mapping/ClassMetadataFactory.php(251): Doctrine\ORM\Mapping\ClassMetadataFactory->validateRuntimeMetadata(Object(Doctrine\ORM\Mapping\ClassMetadata), NULL) #3 /var/www/gradel_dev/ {"exception":"[object] (Symfony\\Component\\Debug\\Exception\\FatalErrorException(code: 0): Error: Uncaught exception 'Doctrine\\ORM\\Mapping\\MappingException' with message 'The target-entity AppBundle\\Entity\\Problem cannot be found in 'AppBundle\\Entity\\Assignment#problems'.' in /var/www/gradel_dev/tgsmith/Gradel/symfony_project/vendor/doctrine/orm/lib/Doctrine/ORM/Mapping/MappingException.php:762\nStack trace:\n#0 /var/www/gradel_dev/tgsmith/Gradel/symfony_project/vendor/doctrine/orm/lib/Doctrine/ORM/Mapping/ClassMetadataInfo.php(1028): Doctrine\\ORM\\Mapping\\MappingException::invalidTargetEntityClass('AppBundle\\Entit...', 'AppBundle\\Entit...', 'problems')\n#1 /var/www/gradel_dev/tgsmith/Gradel/symfony_project/vendor/doctrine/orm/lib/Doctrine/ORM/Mapping/ClassMetadataFactory.php(272): Doctrine\\ORM\\Mapping\\ClassMetadataInfo->validateAssociations()\n#2 /var/www/gradel_dev/tgsmith/Gradel/symfony_project/vendor/doctrine/orm/lib/Doctrine/ORM/Mapping/ClassMetadataFactory.php(251): Doctrine\\ORM\\Mapping\\ClassMetadataFactory->validateRuntimeMetadata(Object(Doctrine\\ORM\\Mapping\\ClassMetadata), NULL)\n#3 /var/www/gradel_dev/ at /var/www/gradel_dev/tgsmith/Gradel/symfony_project/vendor/twig/twig/lib/Twig/Cache/Filesystem.php:57)"} []
[2017-09-20 15:17:35] request.INFO: Matched route "homepage". {"route":"homepage","route_parameters":{"_controller":"AppBundle\\Controller\\DefaultController::indexAction","_route":"homepage"},"request_uri":"http://joseph.cedarville.edu/gradel_dev/tgsmith/Gradel/symfony_project/web/","method":"GET"} []
[2017-09-20 15:17:35] security.INFO: Populated the TokenStorage with an anonymous Token. [] []
[2017-09-20 15:17:35] php.WARNING: Warning: include(/var/www/gradel_dev/tgsmith/Gradel/symfony_project/src/AppBundle/Entity/Problem.php): failed to open stream: Permission denied {"exception":"[object] (ErrorException(code: 0): Warning: include(/var/www/gradel_dev/tgsmith/Gradel/symfony_project/src/AppBundle/Entity/Problem.php): failed to open stream: Permission denied at /var/www/gradel_dev/tgsmith/Gradel/symfony_project/vendor/composer/ClassLoader.php:444)"} []
[2017-09-20 15:17:35] php.WARNING: Warning: include(): Failed opening '/var/www/gradel_dev/tgsmith/Gradel/symfony_project/src/AppBundle/Entity/Problem.php' for inclusion (include_path='.:/usr/share/php:/usr/share/pear') {"exception":"[object] (ErrorException(code: 0): Warning: include(): Failed opening '/var/www/gradel_dev/tgsmith/Gradel/symfony_project/src/AppBundle/Entity/Problem.php' for inclusion (include_path='.:/usr/share/php:/usr/share/pear') at /var/www/gradel_dev/tgsmith/Gradel/symfony_project/vendor/composer/ClassLoader.php:444)"} []
[2017-09-20 15:17:35] php.WARNING: Warning: include(/var/www/gradel_dev/tgsmith/Gradel/symfony_project/src/AppBundle/Entity/Problem.php): failed to open stream: Permission denied {"exception":"[object] (ErrorException(code: 0): Warning: include(/var/www/gradel_dev/tgsmith/Gradel/symfony_project/src/AppBundle/Entity/Problem.php): failed to open stream: Permission denied at /var/www/gradel_dev/tgsmith/Gradel/symfony_project/vendor/composer/ClassLoader.php:444)"} []
[2017-09-20 15:17:35] php.WARNING: Warning: include(): Failed opening '/var/www/gradel_dev/tgsmith/Gradel/symfony_project/src/AppBundle/Entity/Problem.php' for inclusion (include_path='.:/usr/share/php:/usr/share/pear') {"exception":"[object] (ErrorException(code: 0): Warning: include(): Failed opening '/var/www/gradel_dev/tgsmith/Gradel/symfony_project/src/AppBundle/Entity/Problem.php' for inclusion (include_path='.:/usr/share/php:/usr/share/pear') at /var/www/gradel_dev/tgsmith/Gradel/symfony_project/vendor/composer/ClassLoader.php:444)"} []
[2017-09-20 15:17:35] php.WARNING: Warning: include(/var/www/gradel_dev/tgsmith/Gradel/symfony_project/src/AppBundle/Entity/Problem.php): failed to open stream: Permission denied {"exception":"[object] (ErrorException(code: 0): Warning: include(/var/www/gradel_dev/tgsmith/Gradel/symfony_project/src/AppBundle/Entity/Problem.php): failed to open stream: Permission denied at /var/www/gradel_dev/tgsmith/Gradel/symfony_project/vendor/composer/ClassLoader.php:444)"} []
[2017-09-20 15:17:35] php.WARNING: Warning: include(): Failed opening '/var/www/gradel_dev/tgsmith/Gradel/symfony_project/src/AppBundle/Entity/Problem.php' for inclusion (include_path='.:/usr/share/php:/usr/share/pear') {"exception":"[object] (ErrorException(code: 0): Warning: include(): Failed opening '/var/www/gradel_dev/tgsmith/Gradel/symfony_project/src/AppBundle/Entity/Problem.php' for inclusion (include_path='.:/usr/share/php:/usr/share/pear') at /var/www/gradel_dev/tgsmith/Gradel/symfony_project/vendor/composer/ClassLoader.php:444)"} []
[2017-09-20 15:17:35] request.CRITICAL: Uncaught PHP Exception Twig_Error_Runtime: "An exception has been thrown during the rendering of a template ("The target-entity AppBundle\Entity\Problem cannot be found in 'AppBundle\Entity\Assignment#problems'.")." at /var/www/gradel_dev/tgsmith/Gradel/symfony_project/app/Resources/views/default/index.html.twig line 30 {"exception":"[object] (Twig_Error_Runtime(code: 0): An exception has been thrown during the rendering of a template (\"The target-entity AppBundle\\Entity\\Problem cannot be found in 'AppBundle\\Entity\\Assignment#problems'.\"). at /var/www/gradel_dev/tgsmith/Gradel/symfony_project/app/Resources/views/default/index.html.twig:30, Doctrine\\ORM\\Mapping\\MappingException(code: 0): The target-entity AppBundle\\Entity\\Problem cannot be found in 'AppBundle\\Entity\\Assignment#problems'. at /var/www/gradel_dev/tgsmith/Gradel/symfony_project/vendor/doctrine/orm/lib/Doctrine/ORM/Mapping/MappingException.php:762)"} []
[2017-09-20 15:17:35] request.CRITICAL: Exception thrown when handling an exception (RuntimeException: Unable to create the cache directory (/var/www/gradel_dev/tgsmith/Gradel/symfony_project/var/cache/prod/twig/74). at /var/www/gradel_dev/tgsmith/Gradel/symfony_project/vendor/twig/twig/lib/Twig/Cache/Filesystem.php line 57) {"exception":"[object] (RuntimeException(code: 0): Unable to create the cache directory (/var/www/gradel_dev/tgsmith/Gradel/symfony_project/var/cache/prod/twig/74). at /var/www/gradel_dev/tgsmith/Gradel/symfony_project/vendor/twig/twig/lib/Twig/Cache/Filesystem.php:57)"} []
[2017-09-20 15:17:35] php.CRITICAL: Uncaught Exception: Unable to create the cache directory (/var/www/gradel_dev/tgsmith/Gradel/symfony_project/var/cache/prod/twig/74). {"exception":"[object] (RuntimeException(code: 0): Unable to create the cache directory (/var/www/gradel_dev/tgsmith/Gradel/symfony_project/var/cache/prod/twig/74). at /var/www/gradel_dev/tgsmith/Gradel/symfony_project/vendor/twig/twig/lib/Twig/Cache/Filesystem.php:57, Twig_Error_Runtime(code: 0): An exception has been thrown during the rendering of a template (\"The target-entity AppBundle\\Entity\\Problem cannot be found in 'AppBundle\\Entity\\Assignment#problems'.\"). at /var/www/gradel_dev/tgsmith/Gradel/symfony_project/app/Resources/views/default/index.html.twig:30, Doctrine\\ORM\\Mapping\\MappingException(code: 0): The target-entity AppBundle\\Entity\\Problem cannot be found in 'AppBundle\\Entity\\Assignment#problems'. at /var/www/gradel_dev/tgsmith/Gradel/symfony_project/vendor/doctrine/orm/lib/Doctrine/ORM/Mapping/MappingException.php:762)"} []
[2017-09-20 15:17:35] request.CRITICAL: Uncaught PHP Exception RuntimeException: "Unable to create the cache directory (/var/www/gradel_dev/tgsmith/Gradel/symfony_project/var/cache/prod/twig/74)." at /var/www/gradel_dev/tgsmith/Gradel/symfony_project/vendor/twig/twig/lib/Twig/Cache/Filesystem.php line 57 {"exception":"[object] (RuntimeException(code: 0): Unable to create the cache directory (/var/www/gradel_dev/tgsmith/Gradel/symfony_project/var/cache/prod/twig/74). at /var/www/gradel_dev/tgsmith/Gradel/symfony_project/vendor/twig/twig/lib/Twig/Cache/Filesystem.php:57, Twig_Error_Runtime(code: 0): An exception has been thrown during the rendering of a template (\"The target-entity AppBundle\\Entity\\Problem cannot be found in 'AppBundle\\Entity\\Assignment#problems'.\"). at /var/www/gradel_dev/tgsmith/Gradel/symfony_project/app/Resources/views/default/index.html.twig:30, Doctrine\\ORM\\Mapping\\MappingException(code: 0): The target-entity AppBundle\\Entity\\Problem cannot be found in 'AppBundle\\Entity\\Assignment#problems'. at /var/www/gradel_dev/tgsmith/Gradel/symfony_project/vendor/doctrine/orm/lib/Doctrine/ORM/Mapping/MappingException.php:762)"} []
[2017-09-20 15:17:35] request.CRITICAL: Exception thrown when handling an exception (RuntimeException: Unable to create the cache directory (/var/www/gradel_dev/tgsmith/Gradel/symfony_project/var/cache/prod/twig/74). at /var/www/gradel_dev/tgsmith/Gradel/symfony_project/vendor/twig/twig/lib/Twig/Cache/Filesystem.php line 57) {"exception":"[object] (RuntimeException(code: 0): Unable to create the cache directory (/var/www/gradel_dev/tgsmith/Gradel/symfony_project/var/cache/prod/twig/74). at /var/www/gradel_dev/tgsmith/Gradel/symfony_project/vendor/twig/twig/lib/Twig/Cache/Filesystem.php:57)"} []
[2017-09-20 15:17:35] php.CRITICAL: Uncaught Exception: Unable to create the cache directory (/var/www/gradel_dev/tgsmith/Gradel/symfony_project/var/cache/prod/twig/74). {"exception":"[object] (RuntimeException(code: 0): Unable to create the cache directory (/var/www/gradel_dev/tgsmith/Gradel/symfony_project/var/cache/prod/twig/74). at /var/www/gradel_dev/tgsmith/Gradel/symfony_project/vendor/twig/twig/lib/Twig/Cache/Filesystem.php:57, RuntimeException(code: 0): Unable to create the cache directory (/var/www/gradel_dev/tgsmith/Gradel/symfony_project/var/cache/prod/twig/74). at /var/www/gradel_dev/tgsmith/Gradel/symfony_project/vendor/twig/twig/lib/Twig/Cache/Filesystem.php:57, Twig_Error_Runtime(code: 0): An exception has been thrown during the rendering of a template (\"The target-entity AppBundle\\Entity\\Problem cannot be found in 'AppBundle\\Entity\\Assignment#problems'.\"). at /var/www/gradel_dev/tgsmith/Gradel/symfony_project/app/Resources/views/default/index.html.twig:30, Doctrine\\ORM\\Mapping\\MappingException(code: 0): The target-entity AppBundle\\Entity\\Problem cannot be found in 'AppBundle\\Entity\\Assignment#problems'. at /var/www/gradel_dev/tgsmith/Gradel/symfony_project/vendor/doctrine/orm/lib/Doctrine/ORM/Mapping/MappingException.php:762)"} []
[2017-09-20 15:17:35] php.CRITICAL: Fatal Error: Uncaught exception 'Doctrine\ORM\Mapping\MappingException' with message 'The target-entity AppBundle\Entity\Problem cannot be found in 'AppBundle\Entity\Assignment#problems'.' in /var/www/gradel_dev/tgsmith/Gradel/symfony_project/vendor/doctrine/orm/lib/Doctrine/ORM/Mapping/MappingException.php:762 Stack trace: #0 /var/www/gradel_dev/tgsmith/Gradel/symfony_project/vendor/doctrine/orm/lib/Doctrine/ORM/Mapping/ClassMetadataInfo.php(1028): Doctrine\ORM\Mapping\MappingException::invalidTargetEntityClass('AppBundle\Entit...', 'AppBundle\Entit...', 'problems') #1 /var/www/gradel_dev/tgsmith/Gradel/symfony_project/vendor/doctrine/orm/lib/Doctrine/ORM/Mapping/ClassMetadataFactory.php(272): Doctrine\ORM\Mapping\ClassMetadataInfo->validateAssociations() #2 /var/www/gradel_dev/tgsmith/Gradel/symfony_project/vendor/doctrine/orm/lib/Doctrine/ORM/Mapping/ClassMetadataFactory.php(251): Doctrine\ORM\Mapping\ClassMetadataFactory->validateRuntimeMetadata(Object(Doctrine\ORM\Mapping\ClassMetadata), NULL) #3 /var/www/gradel_dev/ {"exception":"[object] (Symfony\\Component\\Debug\\Exception\\FatalErrorException(code: 0): Error: Uncaught exception 'Doctrine\\ORM\\Mapping\\MappingException' with message 'The target-entity AppBundle\\Entity\\Problem cannot be found in 'AppBundle\\Entity\\Assignment#problems'.' in /var/www/gradel_dev/tgsmith/Gradel/symfony_project/vendor/doctrine/orm/lib/Doctrine/ORM/Mapping/MappingException.php:762\nStack trace:\n#0 /var/www/gradel_dev/tgsmith/Gradel/symfony_project/vendor/doctrine/orm/lib/Doctrine/ORM/Mapping/ClassMetadataInfo.php(1028): Doctrine\\ORM\\Mapping\\MappingException::invalidTargetEntityClass('AppBundle\\Entit...', 'AppBundle\\Entit...', 'problems')\n#1 /var/www/gradel_dev/tgsmith/Gradel/symfony_project/vendor/doctrine/orm/lib/Doctrine/ORM/Mapping/ClassMetadataFactory.php(272): Doctrine\\ORM\\Mapping\\ClassMetadataInfo->validateAssociations()\n#2 /var/www/gradel_dev/tgsmith/Gradel/symfony_project/vendor/doctrine/orm/lib/Doctrine/ORM/Mapping/ClassMetadataFactory.php(251): Doctrine\\ORM\\Mapping\\ClassMetadataFactory->validateRuntimeMetadata(Object(Doctrine\\ORM\\Mapping\\ClassMetadata), NULL)\n#3 /var/www/gradel_dev/ at /var/www/gradel_dev/tgsmith/Gradel/symfony_project/vendor/twig/twig/lib/Twig/Cache/Filesystem.php:57)"} []
[2017-09-20 15:18:06] request.INFO: Matched route "homepage". {"route":"homepage","route_parameters":{"_controller":"AppBundle\\Controller\\DefaultController::indexAction","_route":"homepage"},"request_uri":"http://joseph.cedarville.edu/gradel_dev/tgsmith/Gradel/symfony_project/web/","method":"GET"} []
[2017-09-20 15:18:06] security.INFO: Populated the TokenStorage with an anonymous Token. [] []
[2017-09-20 15:18:06] php.WARNING: Warning: include(/var/www/gradel_dev/tgsmith/Gradel/symfony_project/src/AppBundle/Entity/Problem.php): failed to open stream: Permission denied {"exception":"[object] (ErrorException(code: 0): Warning: include(/var/www/gradel_dev/tgsmith/Gradel/symfony_project/src/AppBundle/Entity/Problem.php): failed to open stream: Permission denied at /var/www/gradel_dev/tgsmith/Gradel/symfony_project/vendor/composer/ClassLoader.php:444)"} []
[2017-09-20 15:18:06] php.WARNING: Warning: include(): Failed opening '/var/www/gradel_dev/tgsmith/Gradel/symfony_project/src/AppBundle/Entity/Problem.php' for inclusion (include_path='.:/usr/share/php:/usr/share/pear') {"exception":"[object] (ErrorException(code: 0): Warning: include(): Failed opening '/var/www/gradel_dev/tgsmith/Gradel/symfony_project/src/AppBundle/Entity/Problem.php' for inclusion (include_path='.:/usr/share/php:/usr/share/pear') at /var/www/gradel_dev/tgsmith/Gradel/symfony_project/vendor/composer/ClassLoader.php:444)"} []
[2017-09-20 15:18:06] php.WARNING: Warning: include(/var/www/gradel_dev/tgsmith/Gradel/symfony_project/src/AppBundle/Entity/Problem.php): failed to open stream: Permission denied {"exception":"[object] (ErrorException(code: 0): Warning: include(/var/www/gradel_dev/tgsmith/Gradel/symfony_project/src/AppBundle/Entity/Problem.php): failed to open stream: Permission denied at /var/www/gradel_dev/tgsmith/Gradel/symfony_project/vendor/composer/ClassLoader.php:444)"} []
[2017-09-20 15:18:06] php.WARNING: Warning: include(): Failed opening '/var/www/gradel_dev/tgsmith/Gradel/symfony_project/src/AppBundle/Entity/Problem.php' for inclusion (include_path='.:/usr/share/php:/usr/share/pear') {"exception":"[object] (ErrorException(code: 0): Warning: include(): Failed opening '/var/www/gradel_dev/tgsmith/Gradel/symfony_project/src/AppBundle/Entity/Problem.php' for inclusion (include_path='.:/usr/share/php:/usr/share/pear') at /var/www/gradel_dev/tgsmith/Gradel/symfony_project/vendor/composer/ClassLoader.php:444)"} []
[2017-09-20 15:18:06] php.WARNING: Warning: include(/var/www/gradel_dev/tgsmith/Gradel/symfony_project/src/AppBundle/Entity/Problem.php): failed to open stream: Permission denied {"exception":"[object] (ErrorException(code: 0): Warning: include(/var/www/gradel_dev/tgsmith/Gradel/symfony_project/src/AppBundle/Entity/Problem.php): failed to open stream: Permission denied at /var/www/gradel_dev/tgsmith/Gradel/symfony_project/vendor/composer/ClassLoader.php:444)"} []
[2017-09-20 15:18:06] php.WARNING: Warning: include(): Failed opening '/var/www/gradel_dev/tgsmith/Gradel/symfony_project/src/AppBundle/Entity/Problem.php' for inclusion (include_path='.:/usr/share/php:/usr/share/pear') {"exception":"[object] (ErrorException(code: 0): Warning: include(): Failed opening '/var/www/gradel_dev/tgsmith/Gradel/symfony_project/src/AppBundle/Entity/Problem.php' for inclusion (include_path='.:/usr/share/php:/usr/share/pear') at /var/www/gradel_dev/tgsmith/Gradel/symfony_project/vendor/composer/ClassLoader.php:444)"} []
[2017-09-20 15:18:06] request.CRITICAL: Uncaught PHP Exception Twig_Error_Runtime: "An exception has been thrown during the rendering of a template ("The target-entity AppBundle\Entity\Problem cannot be found in 'AppBundle\Entity\Assignment#problems'.")." at /var/www/gradel_dev/tgsmith/Gradel/symfony_project/app/Resources/views/default/index.html.twig line 30 {"exception":"[object] (Twig_Error_Runtime(code: 0): An exception has been thrown during the rendering of a template (\"The target-entity AppBundle\\Entity\\Problem cannot be found in 'AppBundle\\Entity\\Assignment#problems'.\"). at /var/www/gradel_dev/tgsmith/Gradel/symfony_project/app/Resources/views/default/index.html.twig:30, Doctrine\\ORM\\Mapping\\MappingException(code: 0): The target-entity AppBundle\\Entity\\Problem cannot be found in 'AppBundle\\Entity\\Assignment#problems'. at /var/www/gradel_dev/tgsmith/Gradel/symfony_project/vendor/doctrine/orm/lib/Doctrine/ORM/Mapping/MappingException.php:762)"} []
[2017-09-20 15:18:06] request.CRITICAL: Exception thrown when handling an exception (RuntimeException: Unable to create the cache directory (/var/www/gradel_dev/tgsmith/Gradel/symfony_project/var/cache/prod/twig/74). at /var/www/gradel_dev/tgsmith/Gradel/symfony_project/vendor/twig/twig/lib/Twig/Cache/Filesystem.php line 57) {"exception":"[object] (RuntimeException(code: 0): Unable to create the cache directory (/var/www/gradel_dev/tgsmith/Gradel/symfony_project/var/cache/prod/twig/74). at /var/www/gradel_dev/tgsmith/Gradel/symfony_project/vendor/twig/twig/lib/Twig/Cache/Filesystem.php:57)"} []
[2017-09-20 15:18:06] php.CRITICAL: Uncaught Exception: Unable to create the cache directory (/var/www/gradel_dev/tgsmith/Gradel/symfony_project/var/cache/prod/twig/74). {"exception":"[object] (RuntimeException(code: 0): Unable to create the cache directory (/var/www/gradel_dev/tgsmith/Gradel/symfony_project/var/cache/prod/twig/74). at /var/www/gradel_dev/tgsmith/Gradel/symfony_project/vendor/twig/twig/lib/Twig/Cache/Filesystem.php:57, Twig_Error_Runtime(code: 0): An exception has been thrown during the rendering of a template (\"The target-entity AppBundle\\Entity\\Problem cannot be found in 'AppBundle\\Entity\\Assignment#problems'.\"). at /var/www/gradel_dev/tgsmith/Gradel/symfony_project/app/Resources/views/default/index.html.twig:30, Doctrine\\ORM\\Mapping\\MappingException(code: 0): The target-entity AppBundle\\Entity\\Problem cannot be found in 'AppBundle\\Entity\\Assignment#problems'. at /var/www/gradel_dev/tgsmith/Gradel/symfony_project/vendor/doctrine/orm/lib/Doctrine/ORM/Mapping/MappingException.php:762)"} []
[2017-09-20 15:18:06] request.CRITICAL: Uncaught PHP Exception RuntimeException: "Unable to create the cache directory (/var/www/gradel_dev/tgsmith/Gradel/symfony_project/var/cache/prod/twig/74)." at /var/www/gradel_dev/tgsmith/Gradel/symfony_project/vendor/twig/twig/lib/Twig/Cache/Filesystem.php line 57 {"exception":"[object] (RuntimeException(code: 0): Unable to create the cache directory (/var/www/gradel_dev/tgsmith/Gradel/symfony_project/var/cache/prod/twig/74). at /var/www/gradel_dev/tgsmith/Gradel/symfony_project/vendor/twig/twig/lib/Twig/Cache/Filesystem.php:57, Twig_Error_Runtime(code: 0): An exception has been thrown during the rendering of a template (\"The target-entity AppBundle\\Entity\\Problem cannot be found in 'AppBundle\\Entity\\Assignment#problems'.\"). at /var/www/gradel_dev/tgsmith/Gradel/symfony_project/app/Resources/views/default/index.html.twig:30, Doctrine\\ORM\\Mapping\\MappingException(code: 0): The target-entity AppBundle\\Entity\\Problem cannot be found in 'AppBundle\\Entity\\Assignment#problems'. at /var/www/gradel_dev/tgsmith/Gradel/symfony_project/vendor/doctrine/orm/lib/Doctrine/ORM/Mapping/MappingException.php:762)"} []
[2017-09-20 15:18:06] request.CRITICAL: Exception thrown when handling an exception (RuntimeException: Unable to create the cache directory (/var/www/gradel_dev/tgsmith/Gradel/symfony_project/var/cache/prod/twig/74). at /var/www/gradel_dev/tgsmith/Gradel/symfony_project/vendor/twig/twig/lib/Twig/Cache/Filesystem.php line 57) {"exception":"[object] (RuntimeException(code: 0): Unable to create the cache directory (/var/www/gradel_dev/tgsmith/Gradel/symfony_project/var/cache/prod/twig/74). at /var/www/gradel_dev/tgsmith/Gradel/symfony_project/vendor/twig/twig/lib/Twig/Cache/Filesystem.php:57)"} []
[2017-09-20 15:18:06] php.CRITICAL: Uncaught Exception: Unable to create the cache directory (/var/www/gradel_dev/tgsmith/Gradel/symfony_project/var/cache/prod/twig/74). {"exception":"[object] (RuntimeException(code: 0): Unable to create the cache directory (/var/www/gradel_dev/tgsmith/Gradel/symfony_project/var/cache/prod/twig/74). at /var/www/gradel_dev/tgsmith/Gradel/symfony_project/vendor/twig/twig/lib/Twig/Cache/Filesystem.php:57, RuntimeException(code: 0): Unable to create the cache directory (/var/www/gradel_dev/tgsmith/Gradel/symfony_project/var/cache/prod/twig/74). at /var/www/gradel_dev/tgsmith/Gradel/symfony_project/vendor/twig/twig/lib/Twig/Cache/Filesystem.php:57, Twig_Error_Runtime(code: 0): An exception has been thrown during the rendering of a template (\"The target-entity AppBundle\\Entity\\Problem cannot be found in 'AppBundle\\Entity\\Assignment#problems'.\"). at /var/www/gradel_dev/tgsmith/Gradel/symfony_project/app/Resources/views/default/index.html.twig:30, Doctrine\\ORM\\Mapping\\MappingException(code: 0): The target-entity AppBundle\\Entity\\Problem cannot be found in 'AppBundle\\Entity\\Assignment#problems'. at /var/www/gradel_dev/tgsmith/Gradel/symfony_project/vendor/doctrine/orm/lib/Doctrine/ORM/Mapping/MappingException.php:762)"} []
[2017-09-20 15:18:06] php.CRITICAL: Fatal Error: Uncaught exception 'Doctrine\ORM\Mapping\MappingException' with message 'The target-entity AppBundle\Entity\Problem cannot be found in 'AppBundle\Entity\Assignment#problems'.' in /var/www/gradel_dev/tgsmith/Gradel/symfony_project/vendor/doctrine/orm/lib/Doctrine/ORM/Mapping/MappingException.php:762 Stack trace: #0 /var/www/gradel_dev/tgsmith/Gradel/symfony_project/vendor/doctrine/orm/lib/Doctrine/ORM/Mapping/ClassMetadataInfo.php(1028): Doctrine\ORM\Mapping\MappingException::invalidTargetEntityClass('AppBundle\Entit...', 'AppBundle\Entit...', 'problems') #1 /var/www/gradel_dev/tgsmith/Gradel/symfony_project/vendor/doctrine/orm/lib/Doctrine/ORM/Mapping/ClassMetadataFactory.php(272): Doctrine\ORM\Mapping\ClassMetadataInfo->validateAssociations() #2 /var/www/gradel_dev/tgsmith/Gradel/symfony_project/vendor/doctrine/orm/lib/Doctrine/ORM/Mapping/ClassMetadataFactory.php(251): Doctrine\ORM\Mapping\ClassMetadataFactory->validateRuntimeMetadata(Object(Doctrine\ORM\Mapping\ClassMetadata), NULL) #3 /var/www/gradel_dev/ {"exception":"[object] (Symfony\\Component\\Debug\\Exception\\FatalErrorException(code: 0): Error: Uncaught exception 'Doctrine\\ORM\\Mapping\\MappingException' with message 'The target-entity AppBundle\\Entity\\Problem cannot be found in 'AppBundle\\Entity\\Assignment#problems'.' in /var/www/gradel_dev/tgsmith/Gradel/symfony_project/vendor/doctrine/orm/lib/Doctrine/ORM/Mapping/MappingException.php:762\nStack trace:\n#0 /var/www/gradel_dev/tgsmith/Gradel/symfony_project/vendor/doctrine/orm/lib/Doctrine/ORM/Mapping/ClassMetadataInfo.php(1028): Doctrine\\ORM\\Mapping\\MappingException::invalidTargetEntityClass('AppBundle\\Entit...', 'AppBundle\\Entit...', 'problems')\n#1 /var/www/gradel_dev/tgsmith/Gradel/symfony_project/vendor/doctrine/orm/lib/Doctrine/ORM/Mapping/ClassMetadataFactory.php(272): Doctrine\\ORM\\Mapping\\ClassMetadataInfo->validateAssociations()\n#2 /var/www/gradel_dev/tgsmith/Gradel/symfony_project/vendor/doctrine/orm/lib/Doctrine/ORM/Mapping/ClassMetadataFactory.php(251): Doctrine\\ORM\\Mapping\\ClassMetadataFactory->validateRuntimeMetadata(Object(Doctrine\\ORM\\Mapping\\ClassMetadata), NULL)\n#3 /var/www/gradel_dev/ at /var/www/gradel_dev/tgsmith/Gradel/symfony_project/vendor/twig/twig/lib/Twig/Cache/Filesystem.php:57)"} []
<<<<<<< HEAD
[2017-09-27 16:40:56] php.CRITICAL: Fatal Error: Class 'HWI\Bundle\OAuthBundle\Security\Core\User\FOSUBUserProvider' not found {"exception":"[object] (Symfony\\Component\\Debug\\Exception\\FatalErrorException(code: 0): Error: Class 'HWI\\Bundle\\OAuthBundle\\Security\\Core\\User\\FOSUBUserProvider' not found at /var/www/gradel_dev/wolf/gradel/symfony_project/src/AppBundle/Entity/FOSUBUserProvider.php:7)"} []
=======
[2017-09-24 22:09:16] console.ERROR: Error thrown while running command "cache:clear --env=prod". Message: "Expected to find class "AppBundle\Controller\Account\AccountController" in file "/var/www/gradel_dev/brauns/Gradel/symfony_project/src/AppBundle/Controller/Account/AccountController.php" while importing services from resource "../../src/AppBundle/*", but it was not found! Check the namespace prefix used with the resource in /var/www/gradel_dev/brauns/Gradel/symfony_project/app/config/services.yml (which is being imported from "/var/www/gradel_dev/brauns/Gradel/symfony_project/app/config/config.yml")." {"error":"[object] (Symfony\\Component\\Config\\Exception\\FileLoaderLoadException(code: 0): Expected to find class \"AppBundle\\Controller\\Account\\AccountController\" in file \"/var/www/gradel_dev/brauns/Gradel/symfony_project/src/AppBundle/Controller/Account/AccountController.php\" while importing services from resource \"../../src/AppBundle/*\", but it was not found! Check the namespace prefix used with the resource in /var/www/gradel_dev/brauns/Gradel/symfony_project/app/config/services.yml (which is being imported from \"/var/www/gradel_dev/brauns/Gradel/symfony_project/app/config/config.yml\"). at /var/www/gradel_dev/brauns/Gradel/symfony_project/vendor/symfony/symfony/src/Symfony/Component/Config/Loader/FileLoader.php:179, Symfony\\Component\\DependencyInjection\\Exception\\InvalidArgumentException(code: 0): Expected to find class \"AppBundle\\Controller\\Account\\AccountController\" in file \"/var/www/gradel_dev/brauns/Gradel/symfony_project/src/AppBundle/Controller/Account/AccountController.php\" while importing services from resource \"../../src/AppBundle/*\", but it was not found! Check the namespace prefix used with the resource. at /var/www/gradel_dev/brauns/Gradel/symfony_project/vendor/symfony/symfony/src/Symfony/Component/DependencyInjection/Loader/FileLoader.php:133)","command":"cache:clear --env=prod","message":"Expected to find class \"AppBundle\\Controller\\Account\\AccountController\" in file \"/var/www/gradel_dev/brauns/Gradel/symfony_project/src/AppBundle/Controller/Account/AccountController.php\" while importing services from resource \"../../src/AppBundle/*\", but it was not found! Check the namespace prefix used with the resource in /var/www/gradel_dev/brauns/Gradel/symfony_project/app/config/services.yml (which is being imported from \"/var/www/gradel_dev/brauns/Gradel/symfony_project/app/config/config.yml\")."} []
[2017-09-24 22:09:16] console.DEBUG: Command "cache:clear --env=prod" exited with code "1" {"command":"cache:clear --env=prod","code":1} []
[2017-09-24 22:10:35] console.ERROR: Error thrown while running command "cache:clear --env=prod". Message: "Expected to find class "AppBundle\Controller\Account\AccountController" in file "/var/www/gradel_dev/brauns/Gradel/symfony_project/src/AppBundle/Controller/Account/AccountController.php" while importing services from resource "../../src/AppBundle/*", but it was not found! Check the namespace prefix used with the resource in /var/www/gradel_dev/brauns/Gradel/symfony_project/app/config/services.yml (which is being imported from "/var/www/gradel_dev/brauns/Gradel/symfony_project/app/config/config.yml")." {"error":"[object] (Symfony\\Component\\Config\\Exception\\FileLoaderLoadException(code: 0): Expected to find class \"AppBundle\\Controller\\Account\\AccountController\" in file \"/var/www/gradel_dev/brauns/Gradel/symfony_project/src/AppBundle/Controller/Account/AccountController.php\" while importing services from resource \"../../src/AppBundle/*\", but it was not found! Check the namespace prefix used with the resource in /var/www/gradel_dev/brauns/Gradel/symfony_project/app/config/services.yml (which is being imported from \"/var/www/gradel_dev/brauns/Gradel/symfony_project/app/config/config.yml\"). at /var/www/gradel_dev/brauns/Gradel/symfony_project/vendor/symfony/symfony/src/Symfony/Component/Config/Loader/FileLoader.php:179, Symfony\\Component\\DependencyInjection\\Exception\\InvalidArgumentException(code: 0): Expected to find class \"AppBundle\\Controller\\Account\\AccountController\" in file \"/var/www/gradel_dev/brauns/Gradel/symfony_project/src/AppBundle/Controller/Account/AccountController.php\" while importing services from resource \"../../src/AppBundle/*\", but it was not found! Check the namespace prefix used with the resource. at /var/www/gradel_dev/brauns/Gradel/symfony_project/vendor/symfony/symfony/src/Symfony/Component/DependencyInjection/Loader/FileLoader.php:133)","command":"cache:clear --env=prod","message":"Expected to find class \"AppBundle\\Controller\\Account\\AccountController\" in file \"/var/www/gradel_dev/brauns/Gradel/symfony_project/src/AppBundle/Controller/Account/AccountController.php\" while importing services from resource \"../../src/AppBundle/*\", but it was not found! Check the namespace prefix used with the resource in /var/www/gradel_dev/brauns/Gradel/symfony_project/app/config/services.yml (which is being imported from \"/var/www/gradel_dev/brauns/Gradel/symfony_project/app/config/config.yml\")."} []
[2017-09-24 22:10:35] console.DEBUG: Command "cache:clear --env=prod" exited with code "1" {"command":"cache:clear --env=prod","code":1} []
[2017-09-24 22:12:13] console.ERROR: Error thrown while running command "cache:clear --env=prod". Message: "Expected to find class "AppBundle\Controller\Account\AccountController" in file "/var/www/gradel_dev/brauns/Gradel/symfony_project/src/AppBundle/Controller/Account/AccountController.php" while importing services from resource "../../src/AppBundle/*", but it was not found! Check the namespace prefix used with the resource in /var/www/gradel_dev/brauns/Gradel/symfony_project/app/config/services.yml (which is being imported from "/var/www/gradel_dev/brauns/Gradel/symfony_project/app/config/config.yml")." {"error":"[object] (Symfony\\Component\\Config\\Exception\\FileLoaderLoadException(code: 0): Expected to find class \"AppBundle\\Controller\\Account\\AccountController\" in file \"/var/www/gradel_dev/brauns/Gradel/symfony_project/src/AppBundle/Controller/Account/AccountController.php\" while importing services from resource \"../../src/AppBundle/*\", but it was not found! Check the namespace prefix used with the resource in /var/www/gradel_dev/brauns/Gradel/symfony_project/app/config/services.yml (which is being imported from \"/var/www/gradel_dev/brauns/Gradel/symfony_project/app/config/config.yml\"). at /var/www/gradel_dev/brauns/Gradel/symfony_project/vendor/symfony/symfony/src/Symfony/Component/Config/Loader/FileLoader.php:179, Symfony\\Component\\DependencyInjection\\Exception\\InvalidArgumentException(code: 0): Expected to find class \"AppBundle\\Controller\\Account\\AccountController\" in file \"/var/www/gradel_dev/brauns/Gradel/symfony_project/src/AppBundle/Controller/Account/AccountController.php\" while importing services from resource \"../../src/AppBundle/*\", but it was not found! Check the namespace prefix used with the resource. at /var/www/gradel_dev/brauns/Gradel/symfony_project/vendor/symfony/symfony/src/Symfony/Component/DependencyInjection/Loader/FileLoader.php:133)","command":"cache:clear --env=prod","message":"Expected to find class \"AppBundle\\Controller\\Account\\AccountController\" in file \"/var/www/gradel_dev/brauns/Gradel/symfony_project/src/AppBundle/Controller/Account/AccountController.php\" while importing services from resource \"../../src/AppBundle/*\", but it was not found! Check the namespace prefix used with the resource in /var/www/gradel_dev/brauns/Gradel/symfony_project/app/config/services.yml (which is being imported from \"/var/www/gradel_dev/brauns/Gradel/symfony_project/app/config/config.yml\")."} []
[2017-09-24 22:12:13] console.DEBUG: Command "cache:clear --env=prod" exited with code "1" {"command":"cache:clear --env=prod","code":1} []
[2017-09-24 22:13:50] console.ERROR: Error thrown while running command "cache:clear --env=prod". Message: "Expected to find class "AppBundle\Controller\Account\AccountController" in file "/var/www/gradel_dev/brauns/Gradel/symfony_project/src/AppBundle/Controller/Account/AccountController.php" while importing services from resource "../../src/AppBundle/*", but it was not found! Check the namespace prefix used with the resource in /var/www/gradel_dev/brauns/Gradel/symfony_project/app/config/services.yml (which is being imported from "/var/www/gradel_dev/brauns/Gradel/symfony_project/app/config/config.yml")." {"error":"[object] (Symfony\\Component\\Config\\Exception\\FileLoaderLoadException(code: 0): Expected to find class \"AppBundle\\Controller\\Account\\AccountController\" in file \"/var/www/gradel_dev/brauns/Gradel/symfony_project/src/AppBundle/Controller/Account/AccountController.php\" while importing services from resource \"../../src/AppBundle/*\", but it was not found! Check the namespace prefix used with the resource in /var/www/gradel_dev/brauns/Gradel/symfony_project/app/config/services.yml (which is being imported from \"/var/www/gradel_dev/brauns/Gradel/symfony_project/app/config/config.yml\"). at /var/www/gradel_dev/brauns/Gradel/symfony_project/vendor/symfony/symfony/src/Symfony/Component/Config/Loader/FileLoader.php:179, Symfony\\Component\\DependencyInjection\\Exception\\InvalidArgumentException(code: 0): Expected to find class \"AppBundle\\Controller\\Account\\AccountController\" in file \"/var/www/gradel_dev/brauns/Gradel/symfony_project/src/AppBundle/Controller/Account/AccountController.php\" while importing services from resource \"../../src/AppBundle/*\", but it was not found! Check the namespace prefix used with the resource. at /var/www/gradel_dev/brauns/Gradel/symfony_project/vendor/symfony/symfony/src/Symfony/Component/DependencyInjection/Loader/FileLoader.php:133)","command":"cache:clear --env=prod","message":"Expected to find class \"AppBundle\\Controller\\Account\\AccountController\" in file \"/var/www/gradel_dev/brauns/Gradel/symfony_project/src/AppBundle/Controller/Account/AccountController.php\" while importing services from resource \"../../src/AppBundle/*\", but it was not found! Check the namespace prefix used with the resource in /var/www/gradel_dev/brauns/Gradel/symfony_project/app/config/services.yml (which is being imported from \"/var/www/gradel_dev/brauns/Gradel/symfony_project/app/config/config.yml\")."} []
[2017-09-24 22:13:50] console.DEBUG: Command "cache:clear --env=prod" exited with code "1" {"command":"cache:clear --env=prod","code":1} []
[2017-09-24 22:49:13] php.CRITICAL: Fatal Compile Error: Cannot use Symfony\Bundle\FrameworkBundle\Controller\Controller as Controller because the name is already in use {"exception":"[object] (Symfony\\Component\\Debug\\Exception\\FatalErrorException(code: 0): Compile Error: Cannot use Symfony\\Bundle\\FrameworkBundle\\Controller\\Controller as Controller because the name is already in use at /var/www/gradel_dev/brauns/Gradel/symfony_project/src/AppBundle/Controller/Account/AccountController.php:7)"} []
[2017-09-24 22:50:25] console.ERROR: Error thrown while running command "cache:clear --env=prod". Message: "Expected to find class "AppBundle\Controller\Account\AccountController" in file "/var/www/gradel_dev/brauns/Gradel/symfony_project/src/AppBundle/Controller/Account/AccountController.php" while importing services from resource "../../src/AppBundle/*", but it was not found! Check the namespace prefix used with the resource in /var/www/gradel_dev/brauns/Gradel/symfony_project/app/config/services.yml (which is being imported from "/var/www/gradel_dev/brauns/Gradel/symfony_project/app/config/config.yml")." {"error":"[object] (Symfony\\Component\\Config\\Exception\\FileLoaderLoadException(code: 0): Expected to find class \"AppBundle\\Controller\\Account\\AccountController\" in file \"/var/www/gradel_dev/brauns/Gradel/symfony_project/src/AppBundle/Controller/Account/AccountController.php\" while importing services from resource \"../../src/AppBundle/*\", but it was not found! Check the namespace prefix used with the resource in /var/www/gradel_dev/brauns/Gradel/symfony_project/app/config/services.yml (which is being imported from \"/var/www/gradel_dev/brauns/Gradel/symfony_project/app/config/config.yml\"). at /var/www/gradel_dev/brauns/Gradel/symfony_project/vendor/symfony/symfony/src/Symfony/Component/Config/Loader/FileLoader.php:179, Symfony\\Component\\DependencyInjection\\Exception\\InvalidArgumentException(code: 0): Expected to find class \"AppBundle\\Controller\\Account\\AccountController\" in file \"/var/www/gradel_dev/brauns/Gradel/symfony_project/src/AppBundle/Controller/Account/AccountController.php\" while importing services from resource \"../../src/AppBundle/*\", but it was not found! Check the namespace prefix used with the resource. at /var/www/gradel_dev/brauns/Gradel/symfony_project/vendor/symfony/symfony/src/Symfony/Component/DependencyInjection/Loader/FileLoader.php:133)","command":"cache:clear --env=prod","message":"Expected to find class \"AppBundle\\Controller\\Account\\AccountController\" in file \"/var/www/gradel_dev/brauns/Gradel/symfony_project/src/AppBundle/Controller/Account/AccountController.php\" while importing services from resource \"../../src/AppBundle/*\", but it was not found! Check the namespace prefix used with the resource in /var/www/gradel_dev/brauns/Gradel/symfony_project/app/config/services.yml (which is being imported from \"/var/www/gradel_dev/brauns/Gradel/symfony_project/app/config/config.yml\")."} []
[2017-09-24 22:50:25] console.DEBUG: Command "cache:clear --env=prod" exited with code "1" {"command":"cache:clear --env=prod","code":1} []
[2017-09-27 14:46:06] request.INFO: Matched route "account_show". {"route":"account_show","route_parameters":{"_controller":"AppBundle\\Controller\\AccountController::indexAction","_route":"account_show"},"request_uri":"http://joseph.cedarville.edu/gradel_dev/brauns/Gradel/symfony_project/web/account","method":"GET"} []
[2017-09-27 14:46:06] security.INFO: Populated the TokenStorage with an anonymous Token. [] []
[2017-09-27 14:46:06] request.CRITICAL: Uncaught PHP Exception RuntimeException: "Controller "AppBundle\Controller\AccountController::indexAction()" requires that you provide a value for the "$page" argument. Either the argument is nullable and no null value has been provided, no default value has been provided or because there is a non optional argument after this one." at /var/www/gradel_dev/brauns/Gradel/symfony_project/var/cache/prod/classes.php line 4587 {"exception":"[object] (RuntimeException(code: 0): Controller \"AppBundle\\Controller\\AccountController::indexAction()\" requires that you provide a value for the \"$page\" argument. Either the argument is nullable and no null value has been provided, no default value has been provided or because there is a non optional argument after this one. at /var/www/gradel_dev/brauns/Gradel/symfony_project/var/cache/prod/classes.php:4587)"} []
[2017-09-27 14:46:26] request.INFO: Matched route "account_show". {"route":"account_show","route_parameters":{"_controller":"AppBundle\\Controller\\AccountController::indexAction","_route":"account_show"},"request_uri":"http://joseph.cedarville.edu/gradel_dev/brauns/Gradel/symfony_project/web/account","method":"GET"} []
[2017-09-27 14:46:26] security.INFO: Populated the TokenStorage with an anonymous Token. [] []
[2017-09-27 14:46:26] request.CRITICAL: Uncaught PHP Exception RuntimeException: "Controller "AppBundle\Controller\AccountController::indexAction()" requires that you provide a value for the "$page" argument. Either the argument is nullable and no null value has been provided, no default value has been provided or because there is a non optional argument after this one." at /var/www/gradel_dev/brauns/Gradel/symfony_project/var/cache/prod/classes.php line 4587 {"exception":"[object] (RuntimeException(code: 0): Controller \"AppBundle\\Controller\\AccountController::indexAction()\" requires that you provide a value for the \"$page\" argument. Either the argument is nullable and no null value has been provided, no default value has been provided or because there is a non optional argument after this one. at /var/www/gradel_dev/brauns/Gradel/symfony_project/var/cache/prod/classes.php:4587)"} []
[2017-09-27 14:46:30] request.INFO: Matched route "account_show". {"route":"account_show","route_parameters":{"_controller":"AppBundle\\Controller\\AccountController::indexAction","_route":"account_show"},"request_uri":"http://joseph.cedarville.edu/gradel_dev/brauns/Gradel/symfony_project/web/account","method":"GET"} []
[2017-09-27 14:46:30] security.INFO: Populated the TokenStorage with an anonymous Token. [] []
[2017-09-27 14:46:30] request.CRITICAL: Uncaught PHP Exception RuntimeException: "Controller "AppBundle\Controller\AccountController::indexAction()" requires that you provide a value for the "$page" argument. Either the argument is nullable and no null value has been provided, no default value has been provided or because there is a non optional argument after this one." at /var/www/gradel_dev/brauns/Gradel/symfony_project/var/cache/prod/classes.php line 4587 {"exception":"[object] (RuntimeException(code: 0): Controller \"AppBundle\\Controller\\AccountController::indexAction()\" requires that you provide a value for the \"$page\" argument. Either the argument is nullable and no null value has been provided, no default value has been provided or because there is a non optional argument after this one. at /var/www/gradel_dev/brauns/Gradel/symfony_project/var/cache/prod/classes.php:4587)"} []
[2017-09-27 14:50:41] console.ERROR: Error thrown while running command "cache:clear --env=prod". Message: "Failed to remove file "/var/www/gradel_dev/brauns/Gradel/symfony_project/var/cache/pro~/pools/iZRHDNXxWW/X/6/DSokaawqq3kfFglOIiDC": unlink(/var/www/gradel_dev/brauns/Gradel/symfony_project/var/cache/pro~/pools/iZRHDNXxWW/X/6/DSokaawqq3kfFglOIiDC): Permission denied." {"error":"[object] (Symfony\\Component\\Filesystem\\Exception\\IOException(code: 0): Failed to remove file \"/var/www/gradel_dev/brauns/Gradel/symfony_project/var/cache/pro~/pools/iZRHDNXxWW/X/6/DSokaawqq3kfFglOIiDC\": unlink(/var/www/gradel_dev/brauns/Gradel/symfony_project/var/cache/pro~/pools/iZRHDNXxWW/X/6/DSokaawqq3kfFglOIiDC): Permission denied. at /var/www/gradel_dev/brauns/Gradel/symfony_project/vendor/symfony/symfony/src/Symfony/Component/Filesystem/Filesystem.php:183)","command":"cache:clear --env=prod","message":"Failed to remove file \"/var/www/gradel_dev/brauns/Gradel/symfony_project/var/cache/pro~/pools/iZRHDNXxWW/X/6/DSokaawqq3kfFglOIiDC\": unlink(/var/www/gradel_dev/brauns/Gradel/symfony_project/var/cache/pro~/pools/iZRHDNXxWW/X/6/DSokaawqq3kfFglOIiDC): Permission denied."} []
[2017-09-27 14:50:41] console.DEBUG: Command "cache:clear --env=prod" exited with code "1" {"command":"cache:clear --env=prod","code":1} []
[2017-09-27 14:51:09] console.ERROR: Error thrown while running command "cache:clear --env=prod". Message: "Failed to remove file "/var/www/gradel_dev/brauns/Gradel/symfony_project/var/cache/pro~/pools/iZRHDNXxWW/X/6/DSokaawqq3kfFglOIiDC": unlink(/var/www/gradel_dev/brauns/Gradel/symfony_project/var/cache/pro~/pools/iZRHDNXxWW/X/6/DSokaawqq3kfFglOIiDC): Permission denied." {"error":"[object] (Symfony\\Component\\Filesystem\\Exception\\IOException(code: 0): Failed to remove file \"/var/www/gradel_dev/brauns/Gradel/symfony_project/var/cache/pro~/pools/iZRHDNXxWW/X/6/DSokaawqq3kfFglOIiDC\": unlink(/var/www/gradel_dev/brauns/Gradel/symfony_project/var/cache/pro~/pools/iZRHDNXxWW/X/6/DSokaawqq3kfFglOIiDC): Permission denied. at /var/www/gradel_dev/brauns/Gradel/symfony_project/vendor/symfony/symfony/src/Symfony/Component/Filesystem/Filesystem.php:183)","command":"cache:clear --env=prod","message":"Failed to remove file \"/var/www/gradel_dev/brauns/Gradel/symfony_project/var/cache/pro~/pools/iZRHDNXxWW/X/6/DSokaawqq3kfFglOIiDC\": unlink(/var/www/gradel_dev/brauns/Gradel/symfony_project/var/cache/pro~/pools/iZRHDNXxWW/X/6/DSokaawqq3kfFglOIiDC): Permission denied."} []
[2017-09-27 14:51:09] console.DEBUG: Command "cache:clear --env=prod" exited with code "1" {"command":"cache:clear --env=prod","code":1} []
[2017-09-27 15:44:54] request.INFO: Matched route "account_show". {"route":"account_show","route_parameters":{"_controller":"AppBundle\\Controller\\AccountController::indexAction","_route":"account_show"},"request_uri":"http://joseph.cedarville.edu/gradel_dev/brauns/Gradel/symfony_project/web/account","method":"GET"} []
[2017-09-27 15:44:54] security.INFO: Populated the TokenStorage with an anonymous Token. [] []
[2017-09-27 15:44:54] request.CRITICAL: Uncaught PHP Exception Twig_Error_Syntax: "Unexpected "endblock" tag (expecting closing tag for the "for" tag defined near line 22)." at /var/www/gradel_dev/brauns/Gradel/symfony_project/app/Resources/views/default/account/index.html.twig line 28 {"exception":"[object] (Twig_Error_Syntax(code: 0): Unexpected \"endblock\" tag (expecting closing tag for the \"for\" tag defined near line 22). at /var/www/gradel_dev/brauns/Gradel/symfony_project/app/Resources/views/default/account/index.html.twig:28)"} []
[2017-09-27 15:44:54] cache.WARNING: Failed to save key "%5BSymfony%5CBundle%5CTwigBundle%5CController%5CExceptionController%40%5BAnnot%5D%5D%5B1%5D" (array) {"key":"%5BSymfony%5CBundle%5CTwigBundle%5CController%5CExceptionController%40%5BAnnot%5D%5D%5B1%5D","type":"array","exception":"[object] (ErrorException(code: 0): file_put_contents(/var/www/gradel_dev/brauns/Gradel/symfony_project/var/cache/prod/pools/iZRHDNXxWW/59cbffb64e72f8.89386434): failed to open stream: Permission denied at /var/www/gradel_dev/brauns/Gradel/symfony_project/var/cache/prod/classes.php:1321)"} []
[2017-09-27 15:44:54] cache.WARNING: Failed to save key "%5BSymfony%5CBundle%5CTwigBundle%5CController%5CExceptionController%23showAction%40%5BAnnot%5D%5D%5B1%5D" (array) {"key":"%5BSymfony%5CBundle%5CTwigBundle%5CController%5CExceptionController%23showAction%40%5BAnnot%5D%5D%5B1%5D","type":"array","exception":"[object] (ErrorException(code: 0): file_put_contents(/var/www/gradel_dev/brauns/Gradel/symfony_project/var/cache/prod/pools/iZRHDNXxWW/59cbffb64e72f8.89386434): failed to open stream: Permission denied at /var/www/gradel_dev/brauns/Gradel/symfony_project/var/cache/prod/classes.php:1321)"} []
[2017-09-27 15:48:52] request.INFO: Matched route "account_show". {"route":"account_show","route_parameters":{"_controller":"AppBundle\\Controller\\AccountController::indexAction","_route":"account_show"},"request_uri":"http://joseph.cedarville.edu/gradel_dev/brauns/Gradel/symfony_project/web/account","method":"GET"} []
[2017-09-27 15:48:52] security.INFO: Populated the TokenStorage with an anonymous Token. [] []
[2017-09-27 15:48:52] request.CRITICAL: Uncaught PHP Exception Twig_Error_Syntax: "Unexpected "endblock" tag (expecting closing tag for the "for" tag defined near line 22)." at /var/www/gradel_dev/brauns/Gradel/symfony_project/app/Resources/views/default/account/index.html.twig line 27 {"exception":"[object] (Twig_Error_Syntax(code: 0): Unexpected \"endblock\" tag (expecting closing tag for the \"for\" tag defined near line 22). at /var/www/gradel_dev/brauns/Gradel/symfony_project/app/Resources/views/default/account/index.html.twig:27)"} []
[2017-09-27 15:48:52] cache.WARNING: Failed to save key "%5BSymfony%5CBundle%5CTwigBundle%5CController%5CExceptionController%40%5BAnnot%5D%5D%5B1%5D" (array) {"key":"%5BSymfony%5CBundle%5CTwigBundle%5CController%5CExceptionController%40%5BAnnot%5D%5D%5B1%5D","type":"array","exception":"[object] (ErrorException(code: 0): file_put_contents(/var/www/gradel_dev/brauns/Gradel/symfony_project/var/cache/prod/pools/iZRHDNXxWW/59cc00a40e2a35.32428364): failed to open stream: Permission denied at /var/www/gradel_dev/brauns/Gradel/symfony_project/var/cache/prod/classes.php:1321)"} []
[2017-09-27 15:48:52] cache.WARNING: Failed to save key "%5BSymfony%5CBundle%5CTwigBundle%5CController%5CExceptionController%23showAction%40%5BAnnot%5D%5D%5B1%5D" (array) {"key":"%5BSymfony%5CBundle%5CTwigBundle%5CController%5CExceptionController%23showAction%40%5BAnnot%5D%5D%5B1%5D","type":"array","exception":"[object] (ErrorException(code: 0): file_put_contents(/var/www/gradel_dev/brauns/Gradel/symfony_project/var/cache/prod/pools/iZRHDNXxWW/59cc00a40e2a35.32428364): failed to open stream: Permission denied at /var/www/gradel_dev/brauns/Gradel/symfony_project/var/cache/prod/classes.php:1321)"} []
[2017-09-27 15:50:11] request.INFO: Matched route "account_show". {"route":"account_show","route_parameters":{"_controller":"AppBundle\\Controller\\AccountController::indexAction","_route":"account_show"},"request_uri":"http://joseph.cedarville.edu/gradel_dev/brauns/Gradel/symfony_project/web/account","method":"GET"} []
[2017-09-27 15:50:11] security.INFO: Populated the TokenStorage with an anonymous Token. [] []
[2017-09-27 15:50:11] request.CRITICAL: Uncaught PHP Exception Twig_Error_Syntax: "Unexpected "endblock" tag (expecting closing tag for the "for" tag defined near line 22)." at /var/www/gradel_dev/brauns/Gradel/symfony_project/app/Resources/views/default/account/index.html.twig line 27 {"exception":"[object] (Twig_Error_Syntax(code: 0): Unexpected \"endblock\" tag (expecting closing tag for the \"for\" tag defined near line 22). at /var/www/gradel_dev/brauns/Gradel/symfony_project/app/Resources/views/default/account/index.html.twig:27)"} []
[2017-09-27 15:50:11] cache.WARNING: Failed to save key "%5BSymfony%5CBundle%5CTwigBundle%5CController%5CExceptionController%40%5BAnnot%5D%5D%5B1%5D" (array) {"key":"%5BSymfony%5CBundle%5CTwigBundle%5CController%5CExceptionController%40%5BAnnot%5D%5D%5B1%5D","type":"array","exception":"[object] (ErrorException(code: 0): file_put_contents(/var/www/gradel_dev/brauns/Gradel/symfony_project/var/cache/prod/pools/iZRHDNXxWW/59cc00f3d2e6f4.86371844): failed to open stream: Permission denied at /var/www/gradel_dev/brauns/Gradel/symfony_project/var/cache/prod/classes.php:1321)"} []
[2017-09-27 15:50:11] cache.WARNING: Failed to save key "%5BSymfony%5CBundle%5CTwigBundle%5CController%5CExceptionController%23showAction%40%5BAnnot%5D%5D%5B1%5D" (array) {"key":"%5BSymfony%5CBundle%5CTwigBundle%5CController%5CExceptionController%23showAction%40%5BAnnot%5D%5D%5B1%5D","type":"array","exception":"[object] (ErrorException(code: 0): file_put_contents(/var/www/gradel_dev/brauns/Gradel/symfony_project/var/cache/prod/pools/iZRHDNXxWW/59cc00f3d2e6f4.86371844): failed to open stream: Permission denied at /var/www/gradel_dev/brauns/Gradel/symfony_project/var/cache/prod/classes.php:1321)"} []
[2017-09-27 15:51:41] request.INFO: Matched route "account_show". {"route":"account_show","route_parameters":{"_controller":"AppBundle\\Controller\\AccountController::indexAction","_route":"account_show"},"request_uri":"http://joseph.cedarville.edu/gradel_dev/brauns/Gradel/symfony_project/web/account","method":"GET"} []
[2017-09-27 15:51:41] security.INFO: Populated the TokenStorage with an anonymous Token. [] []
[2017-09-27 15:51:41] request.CRITICAL: Uncaught PHP Exception Twig_Error_Syntax: "Unexpected "endblock" tag (expecting closing tag for the "for" tag defined near line 22)." at /var/www/gradel_dev/brauns/Gradel/symfony_project/app/Resources/views/default/account/index.html.twig line 27 {"exception":"[object] (Twig_Error_Syntax(code: 0): Unexpected \"endblock\" tag (expecting closing tag for the \"for\" tag defined near line 22). at /var/www/gradel_dev/brauns/Gradel/symfony_project/app/Resources/views/default/account/index.html.twig:27)"} []
[2017-09-27 15:51:41] cache.WARNING: Failed to save key "%5BSymfony%5CBundle%5CTwigBundle%5CController%5CExceptionController%40%5BAnnot%5D%5D%5B1%5D" (array) {"key":"%5BSymfony%5CBundle%5CTwigBundle%5CController%5CExceptionController%40%5BAnnot%5D%5D%5B1%5D","type":"array","exception":"[object] (ErrorException(code: 0): file_put_contents(/var/www/gradel_dev/brauns/Gradel/symfony_project/var/cache/prod/pools/iZRHDNXxWW/59cc014dce3600.69915708): failed to open stream: Permission denied at /var/www/gradel_dev/brauns/Gradel/symfony_project/var/cache/prod/classes.php:1321)"} []
[2017-09-27 15:51:41] cache.WARNING: Failed to save key "%5BSymfony%5CBundle%5CTwigBundle%5CController%5CExceptionController%23showAction%40%5BAnnot%5D%5D%5B1%5D" (array) {"key":"%5BSymfony%5CBundle%5CTwigBundle%5CController%5CExceptionController%23showAction%40%5BAnnot%5D%5D%5B1%5D","type":"array","exception":"[object] (ErrorException(code: 0): file_put_contents(/var/www/gradel_dev/brauns/Gradel/symfony_project/var/cache/prod/pools/iZRHDNXxWW/59cc014dce3600.69915708): failed to open stream: Permission denied at /var/www/gradel_dev/brauns/Gradel/symfony_project/var/cache/prod/classes.php:1321)"} []
[2017-09-27 15:51:42] request.INFO: Matched route "account_show". {"route":"account_show","route_parameters":{"_controller":"AppBundle\\Controller\\AccountController::indexAction","_route":"account_show"},"request_uri":"http://joseph.cedarville.edu/gradel_dev/brauns/Gradel/symfony_project/web/account","method":"GET"} []
[2017-09-27 15:51:42] security.INFO: Populated the TokenStorage with an anonymous Token. [] []
[2017-09-27 15:51:42] request.CRITICAL: Uncaught PHP Exception Twig_Error_Syntax: "Unexpected "endblock" tag (expecting closing tag for the "for" tag defined near line 22)." at /var/www/gradel_dev/brauns/Gradel/symfony_project/app/Resources/views/default/account/index.html.twig line 27 {"exception":"[object] (Twig_Error_Syntax(code: 0): Unexpected \"endblock\" tag (expecting closing tag for the \"for\" tag defined near line 22). at /var/www/gradel_dev/brauns/Gradel/symfony_project/app/Resources/views/default/account/index.html.twig:27)"} []
[2017-09-27 15:51:42] cache.WARNING: Failed to save key "%5BSymfony%5CBundle%5CTwigBundle%5CController%5CExceptionController%40%5BAnnot%5D%5D%5B1%5D" (array) {"key":"%5BSymfony%5CBundle%5CTwigBundle%5CController%5CExceptionController%40%5BAnnot%5D%5D%5B1%5D","type":"array","exception":"[object] (ErrorException(code: 0): file_put_contents(/var/www/gradel_dev/brauns/Gradel/symfony_project/var/cache/prod/pools/iZRHDNXxWW/59cc014e69dda9.99122748): failed to open stream: Permission denied at /var/www/gradel_dev/brauns/Gradel/symfony_project/var/cache/prod/classes.php:1321)"} []
[2017-09-27 15:51:42] cache.WARNING: Failed to save key "%5BSymfony%5CBundle%5CTwigBundle%5CController%5CExceptionController%23showAction%40%5BAnnot%5D%5D%5B1%5D" (array) {"key":"%5BSymfony%5CBundle%5CTwigBundle%5CController%5CExceptionController%23showAction%40%5BAnnot%5D%5D%5B1%5D","type":"array","exception":"[object] (ErrorException(code: 0): file_put_contents(/var/www/gradel_dev/brauns/Gradel/symfony_project/var/cache/prod/pools/iZRHDNXxWW/59cc014e69dda9.99122748): failed to open stream: Permission denied at /var/www/gradel_dev/brauns/Gradel/symfony_project/var/cache/prod/classes.php:1321)"} []
[2017-09-27 15:51:42] request.INFO: Matched route "account_show". {"route":"account_show","route_parameters":{"_controller":"AppBundle\\Controller\\AccountController::indexAction","_route":"account_show"},"request_uri":"http://joseph.cedarville.edu/gradel_dev/brauns/Gradel/symfony_project/web/account","method":"GET"} []
[2017-09-27 15:51:42] security.INFO: Populated the TokenStorage with an anonymous Token. [] []
[2017-09-27 15:51:42] request.CRITICAL: Uncaught PHP Exception Twig_Error_Syntax: "Unexpected "endblock" tag (expecting closing tag for the "for" tag defined near line 22)." at /var/www/gradel_dev/brauns/Gradel/symfony_project/app/Resources/views/default/account/index.html.twig line 27 {"exception":"[object] (Twig_Error_Syntax(code: 0): Unexpected \"endblock\" tag (expecting closing tag for the \"for\" tag defined near line 22). at /var/www/gradel_dev/brauns/Gradel/symfony_project/app/Resources/views/default/account/index.html.twig:27)"} []
[2017-09-27 15:51:42] cache.WARNING: Failed to save key "%5BSymfony%5CBundle%5CTwigBundle%5CController%5CExceptionController%40%5BAnnot%5D%5D%5B1%5D" (array) {"key":"%5BSymfony%5CBundle%5CTwigBundle%5CController%5CExceptionController%40%5BAnnot%5D%5D%5B1%5D","type":"array","exception":"[object] (ErrorException(code: 0): file_put_contents(/var/www/gradel_dev/brauns/Gradel/symfony_project/var/cache/prod/pools/iZRHDNXxWW/59cc014e8bd5e6.86152446): failed to open stream: Permission denied at /var/www/gradel_dev/brauns/Gradel/symfony_project/var/cache/prod/classes.php:1321)"} []
[2017-09-27 15:51:42] cache.WARNING: Failed to save key "%5BSymfony%5CBundle%5CTwigBundle%5CController%5CExceptionController%23showAction%40%5BAnnot%5D%5D%5B1%5D" (array) {"key":"%5BSymfony%5CBundle%5CTwigBundle%5CController%5CExceptionController%23showAction%40%5BAnnot%5D%5D%5B1%5D","type":"array","exception":"[object] (ErrorException(code: 0): file_put_contents(/var/www/gradel_dev/brauns/Gradel/symfony_project/var/cache/prod/pools/iZRHDNXxWW/59cc014e8bd5e6.86152446): failed to open stream: Permission denied at /var/www/gradel_dev/brauns/Gradel/symfony_project/var/cache/prod/classes.php:1321)"} []
[2017-09-27 15:51:42] request.INFO: Matched route "account_show". {"route":"account_show","route_parameters":{"_controller":"AppBundle\\Controller\\AccountController::indexAction","_route":"account_show"},"request_uri":"http://joseph.cedarville.edu/gradel_dev/brauns/Gradel/symfony_project/web/account","method":"GET"} []
[2017-09-27 15:51:42] security.INFO: Populated the TokenStorage with an anonymous Token. [] []
[2017-09-27 15:51:42] request.CRITICAL: Uncaught PHP Exception Twig_Error_Syntax: "Unexpected "endblock" tag (expecting closing tag for the "for" tag defined near line 22)." at /var/www/gradel_dev/brauns/Gradel/symfony_project/app/Resources/views/default/account/index.html.twig line 27 {"exception":"[object] (Twig_Error_Syntax(code: 0): Unexpected \"endblock\" tag (expecting closing tag for the \"for\" tag defined near line 22). at /var/www/gradel_dev/brauns/Gradel/symfony_project/app/Resources/views/default/account/index.html.twig:27)"} []
[2017-09-27 15:51:42] cache.WARNING: Failed to save key "%5BSymfony%5CBundle%5CTwigBundle%5CController%5CExceptionController%40%5BAnnot%5D%5D%5B1%5D" (array) {"key":"%5BSymfony%5CBundle%5CTwigBundle%5CController%5CExceptionController%40%5BAnnot%5D%5D%5B1%5D","type":"array","exception":"[object] (ErrorException(code: 0): file_put_contents(/var/www/gradel_dev/brauns/Gradel/symfony_project/var/cache/prod/pools/iZRHDNXxWW/59cc014eaf2e33.02946288): failed to open stream: Permission denied at /var/www/gradel_dev/brauns/Gradel/symfony_project/var/cache/prod/classes.php:1321)"} []
[2017-09-27 15:51:42] cache.WARNING: Failed to save key "%5BSymfony%5CBundle%5CTwigBundle%5CController%5CExceptionController%23showAction%40%5BAnnot%5D%5D%5B1%5D" (array) {"key":"%5BSymfony%5CBundle%5CTwigBundle%5CController%5CExceptionController%23showAction%40%5BAnnot%5D%5D%5B1%5D","type":"array","exception":"[object] (ErrorException(code: 0): file_put_contents(/var/www/gradel_dev/brauns/Gradel/symfony_project/var/cache/prod/pools/iZRHDNXxWW/59cc014eaf2e33.02946288): failed to open stream: Permission denied at /var/www/gradel_dev/brauns/Gradel/symfony_project/var/cache/prod/classes.php:1321)"} []
>>>>>>> 55788633d11bf2a3758bcedca33354d3d4c6d9d9
